[2020-04-20T13:36:13.071] [DEBUG] default - create entity
[2020-04-20T13:36:18.566] [DEBUG] default - create entity
[2020-04-20T13:36:24.067] [DEBUG] default - create entity
[2020-04-20T13:36:29.570] [DEBUG] default - create entity
[2020-04-20T13:36:35.076] [DEBUG] default - create entity
[2020-04-20T13:36:40.390] [DEBUG] default - Add
[2020-04-20T13:36:40.578] [DEBUG] default - create entity
[2020-04-20T13:36:46.081] [DEBUG] default - create entity
[2020-04-20T13:36:50.380] [DEBUG] default - Add
[2020-04-20T13:36:51.579] [DEBUG] default - create entity
[2020-04-20T13:36:57.078] [DEBUG] default - create entity
[2020-04-20T13:37:00.382] [DEBUG] default - Add
[2020-04-20T13:37:02.594] [DEBUG] default - create entity
[2020-04-20T13:37:08.104] [DEBUG] default - trancate db
[2020-04-20T13:37:10.388] [DEBUG] default - Add
[2020-04-20T13:37:13.614] [DEBUG] default - create entity
[2020-04-20T13:37:19.115] [DEBUG] default - create entity
[2020-04-20T13:37:20.407] [DEBUG] default - Add
[2020-04-20T13:37:24.613] [DEBUG] default - create entity
[2020-05-06T11:41:56.960] [DEBUG] default - create entity
[2020-05-06T11:42:02.451] [DEBUG] default - create entity
[2020-05-06T11:42:07.946] [DEBUG] default - create entity
[2020-05-06T11:42:13.453] [DEBUG] default - create entity
[2020-05-06T11:42:18.945] [DEBUG] default - create entity
[2020-05-06T11:42:24.447] [DEBUG] default - create entity
[2020-05-06T11:42:29.946] [DEBUG] default - create entity
[2020-05-06T11:42:35.447] [DEBUG] default - create entity
[2020-05-06T11:42:40.949] [DEBUG] default - create entity
[2020-05-06T11:42:46.449] [DEBUG] default - create entity
[2020-05-06T11:42:51.949] [DEBUG] default - trancate db
[2020-05-06T11:42:57.449] [DEBUG] default - create entity
[2020-05-06T11:43:00.600] [DEBUG] default - Add
[2020-05-06T11:43:02.948] [DEBUG] default - create entity
[2020-05-06T11:43:08.451] [DEBUG] default - create entity
[2020-05-06T11:43:10.542] [DEBUG] default - Add
[2020-05-06T11:43:13.949] [DEBUG] default - create entity
[2020-05-06T11:43:19.449] [DEBUG] default - create entity
[2020-05-06T11:43:20.542] [DEBUG] default - Add
[2020-05-06T11:43:24.950] [DEBUG] default - create entity
[2020-05-06T11:43:30.451] [DEBUG] default - create entity
[2020-05-06T11:43:30.540] [DEBUG] default - Add
[2020-05-06T11:43:35.950] [DEBUG] default - create entity
[2020-05-06T11:43:40.539] [DEBUG] default - Add
[2020-05-06T11:43:41.452] [DEBUG] default - create entity
[2020-05-06T11:43:46.952] [DEBUG] default - create entity
[2020-05-06T11:43:50.539] [DEBUG] default - Add
[2020-05-06T11:43:52.452] [DEBUG] default - trancate db
[2020-05-06T11:43:57.952] [DEBUG] default - create entity
[2020-05-06T11:44:00.540] [DEBUG] default - Add
[2020-05-06T11:44:03.453] [DEBUG] default - create entity
[2020-05-06T11:44:08.953] [DEBUG] default - create entity
[2020-05-06T11:44:10.539] [DEBUG] default - Add
[2020-05-06T11:44:14.453] [DEBUG] default - create entity
[2020-05-06T11:44:19.953] [DEBUG] default - create entity
[2020-05-06T11:44:20.545] [DEBUG] default - Add
[2020-05-06T11:44:25.452] [DEBUG] default - create entity
[2020-05-06T11:44:30.541] [DEBUG] default - Add
[2020-05-06T11:44:30.954] [DEBUG] default - create entity
[2020-05-06T11:44:36.453] [DEBUG] default - create entity
[2020-05-06T11:44:40.543] [DEBUG] default - Add
[2020-05-06T11:44:41.953] [DEBUG] default - create entity
[2020-05-06T11:44:47.454] [DEBUG] default - create entity
[2020-05-06T11:44:50.543] [DEBUG] default - Add
[2020-05-06T11:44:52.993] [DEBUG] default - trancate db
[2020-05-06T11:44:58.454] [DEBUG] default - create entity
[2020-05-06T11:45:00.542] [DEBUG] default - Add
[2020-05-06T11:45:03.954] [DEBUG] default - create entity
[2020-05-06T11:45:09.454] [DEBUG] default - create entity
[2020-05-06T11:45:10.543] [DEBUG] default - Add
[2020-05-06T11:45:14.956] [DEBUG] default - create entity
[2020-05-06T11:45:20.454] [DEBUG] default - create entity
[2020-05-06T11:45:20.544] [DEBUG] default - Add
[2020-05-06T11:45:25.972] [DEBUG] default - create entity
[2020-05-06T11:45:30.543] [DEBUG] default - Add
[2020-05-06T11:45:31.461] [DEBUG] default - create entity
[2020-05-06T11:45:36.959] [DEBUG] default - create entity
[2020-05-06T11:45:40.547] [DEBUG] default - Add
[2020-05-06T11:45:42.462] [DEBUG] default - create entity
[2020-05-06T11:45:47.961] [DEBUG] default - create entity
[2020-05-06T11:45:50.546] [DEBUG] default - Add
[2020-05-06T11:45:53.479] [DEBUG] default - trancate db
[2020-05-06T11:45:58.970] [DEBUG] default - create entity
[2020-05-06T11:46:00.547] [DEBUG] default - Add
[2020-05-06T11:46:04.472] [DEBUG] default - create entity
[2020-05-06T11:46:09.971] [DEBUG] default - create entity
[2020-05-06T11:46:10.554] [DEBUG] default - Add
[2020-05-06T11:46:15.471] [DEBUG] default - create entity
[2020-05-06T11:46:20.547] [DEBUG] default - Add
[2020-05-06T11:46:20.971] [DEBUG] default - create entity
[2020-05-06T11:46:26.471] [DEBUG] default - create entity
[2020-05-06T11:46:30.546] [DEBUG] default - Add
[2020-05-06T11:46:31.971] [DEBUG] default - create entity
[2020-05-06T11:46:37.471] [DEBUG] default - create entity
[2020-05-06T11:46:40.551] [DEBUG] default - Add
[2020-05-06T11:46:42.972] [DEBUG] default - create entity
[2020-05-06T11:46:48.473] [DEBUG] default - create entity
[2020-05-06T11:46:50.556] [DEBUG] default - Add
[2020-05-06T11:46:53.973] [DEBUG] default - trancate db
[2020-05-06T11:46:59.472] [DEBUG] default - create entity
[2020-05-06T11:47:00.551] [DEBUG] default - Add
[2020-05-06T11:47:04.972] [DEBUG] default - create entity
[2020-05-06T11:47:10.471] [DEBUG] default - create entity
[2020-05-06T11:47:10.547] [DEBUG] default - Add
[2020-05-06T11:47:15.974] [DEBUG] default - create entity
[2020-05-06T11:47:20.554] [DEBUG] default - Add
[2020-05-06T11:47:21.473] [DEBUG] default - create entity
[2020-05-06T11:47:26.975] [DEBUG] default - create entity
[2020-05-06T11:47:30.555] [DEBUG] default - Add
[2020-05-06T11:47:32.473] [DEBUG] default - create entity
[2020-05-06T11:47:37.974] [DEBUG] default - create entity
[2020-05-06T11:47:40.555] [DEBUG] default - Add
[2020-05-06T11:47:43.475] [DEBUG] default - create entity
[2020-05-06T11:47:48.974] [DEBUG] default - create entity
[2020-05-06T11:47:50.554] [DEBUG] default - Add
[2020-05-06T11:47:54.475] [DEBUG] default - trancate db
[2020-05-06T11:47:59.975] [DEBUG] default - create entity
[2020-05-06T11:48:00.554] [DEBUG] default - Add
[2020-05-06T11:48:05.475] [DEBUG] default - create entity
[2020-05-06T11:48:10.551] [DEBUG] default - Add
[2020-05-06T11:48:10.975] [DEBUG] default - create entity
[2020-05-06T11:48:16.478] [DEBUG] default - create entity
[2020-05-06T11:48:20.556] [DEBUG] default - Add
[2020-05-06T11:48:21.975] [DEBUG] default - create entity
[2020-05-06T11:48:27.476] [DEBUG] default - create entity
[2020-05-06T11:48:30.554] [DEBUG] default - Add
[2020-05-06T11:48:32.978] [DEBUG] default - create entity
[2020-05-06T11:48:38.476] [DEBUG] default - create entity
[2020-05-06T11:48:40.551] [DEBUG] default - Add
[2020-05-06T11:48:43.979] [DEBUG] default - create entity
[2020-05-06T11:48:49.480] [DEBUG] default - create entity
[2020-05-06T11:48:50.559] [DEBUG] default - Add
[2020-05-06T11:48:54.980] [DEBUG] default - trancate db
[2020-05-06T11:49:00.479] [DEBUG] default - create entity
[2020-05-06T11:49:00.556] [DEBUG] default - Add
[2020-05-06T11:49:05.980] [DEBUG] default - create entity
[2020-05-06T11:49:10.556] [DEBUG] default - Add
[2020-05-06T11:49:11.481] [DEBUG] default - create entity
[2020-05-06T11:49:16.980] [DEBUG] default - create entity
[2020-05-06T11:49:20.557] [DEBUG] default - Add
[2020-05-06T11:49:22.481] [DEBUG] default - create entity
[2020-05-06T11:49:27.982] [DEBUG] default - create entity
[2020-05-06T11:49:30.556] [DEBUG] default - Add
[2020-05-06T11:49:33.482] [DEBUG] default - create entity
[2020-05-06T11:49:38.982] [DEBUG] default - create entity
[2020-05-06T11:49:40.552] [DEBUG] default - Add
[2020-05-06T11:49:44.482] [DEBUG] default - create entity
[2020-05-06T11:49:49.983] [DEBUG] default - create entity
[2020-05-06T11:49:50.560] [DEBUG] default - Add
[2020-05-06T11:49:55.482] [DEBUG] default - trancate db
[2020-05-06T11:50:00.554] [DEBUG] default - Add
[2020-05-06T11:50:00.983] [DEBUG] default - create entity
[2020-05-06T11:50:06.483] [DEBUG] default - create entity
[2020-05-06T11:50:10.554] [DEBUG] default - Add
[2020-05-06T11:50:11.982] [DEBUG] default - create entity
[2020-05-06T11:50:17.484] [DEBUG] default - create entity
[2020-05-06T11:50:20.553] [DEBUG] default - Add
[2020-05-06T11:50:22.983] [DEBUG] default - create entity
[2020-05-06T11:50:28.483] [DEBUG] default - create entity
[2020-05-06T11:50:30.557] [DEBUG] default - Add
[2020-05-06T11:50:33.984] [DEBUG] default - create entity
[2020-05-06T11:50:39.485] [DEBUG] default - create entity
[2020-05-06T11:50:40.556] [DEBUG] default - Add
[2020-05-06T11:50:44.987] [DEBUG] default - create entity
[2020-05-06T11:50:50.486] [DEBUG] default - create entity
[2020-05-06T11:50:50.556] [DEBUG] default - Add
[2020-05-06T11:50:55.988] [DEBUG] default - trancate db
[2020-05-06T11:51:00.559] [DEBUG] default - Add
[2020-05-06T11:51:01.488] [DEBUG] default - create entity
[2020-05-06T11:51:06.993] [DEBUG] default - create entity
[2020-05-06T11:51:10.556] [DEBUG] default - Add
[2020-05-06T11:51:12.488] [DEBUG] default - create entity
[2020-05-06T11:51:17.988] [DEBUG] default - create entity
[2020-05-06T11:51:20.556] [DEBUG] default - Add
[2020-05-06T11:51:23.488] [DEBUG] default - create entity
[2020-05-06T11:51:28.989] [DEBUG] default - create entity
[2020-05-06T11:51:30.559] [DEBUG] default - Add
[2020-05-06T11:51:34.490] [DEBUG] default - create entity
[2020-05-06T11:51:39.989] [DEBUG] default - create entity
[2020-05-06T11:51:40.557] [DEBUG] default - Add
[2020-05-06T11:51:45.491] [DEBUG] default - create entity
[2020-05-06T12:31:11.568] [DEBUG] default - create entity
[2020-05-06T12:31:17.057] [DEBUG] default - trancate db
[2020-05-06T12:31:22.563] [DEBUG] default - create entity
[2020-05-06T12:31:28.063] [DEBUG] default - create entity
[2020-05-06T12:31:33.558] [DEBUG] default - create entity
[2020-05-06T12:31:39.058] [DEBUG] default - create entity
[2020-05-06T12:31:44.558] [DEBUG] default - create entity
[2020-05-06T12:31:50.056] [DEBUG] default - create entity
[2020-05-06T12:31:55.558] [DEBUG] default - create entity
[2020-05-06T12:32:01.057] [DEBUG] default - create entity
[2020-05-06T12:52:35.079] [DEBUG] default - create entity
[2020-05-06T12:52:40.565] [DEBUG] default - create entity
[2020-05-06T12:52:46.074] [DEBUG] default - trancate db
[2020-05-06T12:52:48.110] [DEBUG] default - Add
[2020-05-06T12:52:51.565] [DEBUG] default - create entity
[2020-05-06T12:52:57.064] [DEBUG] default - create entity
[2020-05-06T12:52:58.088] [DEBUG] default - Add
[2020-05-06T12:53:02.565] [DEBUG] default - create entity
[2020-05-06T12:53:08.083] [DEBUG] default - create entity
[2020-05-06T12:53:08.101] [DEBUG] default - Add
[2020-05-06T12:53:13.572] [DEBUG] default - create entity
[2020-05-06T12:53:18.098] [DEBUG] default - Add
[2020-05-06T12:53:19.085] [DEBUG] default - create entity
[2020-05-06T12:53:24.574] [DEBUG] default - create entity
[2020-05-06T12:53:28.103] [DEBUG] default - Add
[2020-05-06T12:53:30.079] [DEBUG] default - create entity
[2020-05-06T12:53:35.580] [DEBUG] default - create entity
[2020-05-06T12:53:38.103] [DEBUG] default - Add
[2020-05-06T12:53:41.084] [DEBUG] default - create entity
[2020-05-06T12:53:46.605] [DEBUG] default - trancate db
[2020-05-06T12:53:48.101] [DEBUG] default - Add
[2020-05-06T12:53:52.102] [DEBUG] default - create entity
[2020-05-06T12:53:57.600] [DEBUG] default - create entity
[2020-05-06T12:53:58.104] [DEBUG] default - Add
[2020-05-06T12:54:03.104] [DEBUG] default - create entity
[2020-05-07T17:01:12.140] [DEBUG] default - create entity
[2020-05-07T17:01:17.581] [DEBUG] default - create entity
[2020-05-07T17:01:23.183] [DEBUG] default - create entity
[2020-05-07T17:01:28.613] [DEBUG] default - create entity
[2020-05-07T17:01:34.196] [DEBUG] default - create entity
[2020-05-07T17:01:39.912] [DEBUG] default - create entity
[2020-05-07T17:01:45.231] [DEBUG] default - create entity
[2020-05-07T17:01:50.743] [DEBUG] default - trancate db
[2020-05-07T17:01:56.228] [DEBUG] default - create entity
[2020-05-07T17:02:01.828] [DEBUG] default - create entity
[2020-05-07T17:02:07.275] [DEBUG] default - create entity
[2020-05-07T17:02:12.793] [DEBUG] default - create entity
[2020-05-07T17:02:18.296] [DEBUG] default - create entity
[2020-05-07T17:02:23.799] [DEBUG] default - create entity
[2020-05-07T17:02:29.283] [DEBUG] default - create entity
[2020-05-07T17:02:34.822] [DEBUG] default - create entity
[2020-05-07T17:02:40.278] [DEBUG] default - create entity
[2020-05-07T17:02:46.324] [DEBUG] default - create entity
[2020-05-07T17:02:51.314] [DEBUG] default - trancate db
[2020-05-07T17:02:56.824] [DEBUG] default - create entity
[2020-05-07T17:03:02.326] [DEBUG] default - create entity
[2020-05-07T17:03:07.830] [DEBUG] default - create entity
[2020-05-07T17:03:13.324] [DEBUG] default - create entity
[2020-05-07T17:03:18.822] [DEBUG] default - create entity
[2020-05-07T17:03:24.345] [DEBUG] default - create entity
[2020-05-07T17:03:29.815] [DEBUG] default - create entity
[2020-05-07T17:03:35.330] [DEBUG] default - create entity
[2020-05-07T17:03:40.830] [DEBUG] default - create entity
[2020-05-07T17:03:46.391] [DEBUG] default - create entity
[2020-05-07T17:03:51.822] [DEBUG] default - trancate db
[2020-05-07T17:03:57.347] [DEBUG] default - create entity
[2020-05-07T17:04:02.869] [DEBUG] default - create entity
[2020-05-07T17:04:08.354] [DEBUG] default - create entity
[2020-05-07T17:04:13.855] [DEBUG] default - create entity
[2020-05-07T17:04:19.390] [DEBUG] default - create entity
[2020-05-07T17:04:24.926] [DEBUG] default - create entity
[2020-05-07T17:04:30.384] [DEBUG] default - create entity
[2020-05-07T17:04:36.023] [DEBUG] default - create entity
[2020-05-07T17:04:41.417] [DEBUG] default - create entity
[2020-05-07T17:04:46.919] [DEBUG] default - create entity
[2020-05-07T17:04:52.491] [DEBUG] default - trancate db
[2020-05-07T17:04:58.107] [DEBUG] default - create entity
[2020-05-07T17:05:03.682] [DEBUG] default - create entity
[2020-05-07T17:05:09.119] [DEBUG] default - create entity
[2020-05-07T17:05:14.721] [DEBUG] default - create entity
[2020-05-07T17:05:20.238] [DEBUG] default - create entity
[2020-05-07T17:05:25.675] [DEBUG] default - create entity
[2020-05-07T17:05:31.313] [DEBUG] default - create entity
[2020-05-07T17:05:36.725] [DEBUG] default - create entity
[2020-05-07T17:05:42.225] [DEBUG] default - create entity
[2020-05-07T17:05:47.220] [DEBUG] default - Add
[2020-05-07T17:05:47.770] [DEBUG] default - create entity
[2020-05-07T17:05:53.257] [DEBUG] default - trancate db
[2020-05-07T17:05:57.242] [DEBUG] default - Add
[2020-05-07T17:05:58.770] [DEBUG] default - create entity
[2020-05-07T17:06:04.263] [DEBUG] default - create entity
[2020-05-07T17:06:07.221] [DEBUG] default - Add
[2020-05-07T17:06:09.784] [DEBUG] default - create entity
[2020-05-07T17:06:15.286] [DEBUG] default - create entity
[2020-05-07T17:06:17.227] [DEBUG] default - Add
[2020-05-07T17:06:20.775] [DEBUG] default - create entity
[2020-05-07T17:06:26.272] [DEBUG] default - create entity
[2020-05-07T17:06:27.370] [DEBUG] default - Add
[2020-05-07T17:06:31.813] [DEBUG] default - create entity
[2020-05-07T17:06:37.251] [DEBUG] default - Add
[2020-05-07T17:06:37.320] [DEBUG] default - create entity
[2020-05-07T17:06:43.016] [DEBUG] default - create entity
[2020-05-07T17:06:47.280] [DEBUG] default - Add
[2020-05-07T17:06:48.598] [DEBUG] default - create entity
[2020-05-07T17:06:53.866] [DEBUG] default - trancate db
[2020-05-07T17:06:57.259] [DEBUG] default - Add
[2020-05-07T17:06:59.500] [DEBUG] default - create entity
[2020-05-07T17:07:04.928] [DEBUG] default - create entity
[2020-05-07T17:07:07.252] [DEBUG] default - Add
[2020-05-07T17:07:10.432] [DEBUG] default - create entity
[2020-05-07T17:07:15.948] [DEBUG] default - create entity
[2020-05-07T17:07:17.274] [DEBUG] default - Add
[2020-05-07T17:07:21.431] [DEBUG] default - create entity
[2020-05-07T17:07:27.000] [DEBUG] default - create entity
[2020-05-07T17:07:27.288] [DEBUG] default - Add
[2020-05-07T17:07:32.452] [DEBUG] default - create entity
[2020-05-07T17:07:37.312] [DEBUG] default - Add
[2020-05-07T17:07:37.959] [DEBUG] default - create entity
[2020-05-07T17:07:43.453] [DEBUG] default - create entity
[2020-05-07T17:07:47.393] [DEBUG] default - Add
[2020-05-07T17:07:49.061] [DEBUG] default - create entity
[2020-05-07T17:07:50.454] [DEBUG] default - Add
[2020-05-07T17:07:54.497] [DEBUG] default - trancate db
[2020-05-07T17:07:57.322] [DEBUG] default - Add
[2020-05-07T17:08:00.035] [DEBUG] default - create entity
[2020-05-07T17:08:05.662] [DEBUG] default - create entity
[2020-05-07T17:08:07.464] [DEBUG] default - Add
[2020-05-07T17:08:11.141] [DEBUG] default - create entity
[2020-05-07T17:08:16.688] [DEBUG] default - create entity
[2020-05-07T17:08:17.333] [DEBUG] default - Add
[2020-05-07T17:08:22.157] [DEBUG] default - create entity
[2020-05-07T17:08:27.346] [DEBUG] default - Add
[2020-05-07T17:08:27.652] [DEBUG] default - create entity
[2020-05-07T17:08:33.150] [DEBUG] default - create entity
[2020-05-07T17:08:37.339] [DEBUG] default - Add
[2020-05-07T17:08:38.888] [DEBUG] default - create entity
[2020-05-07T17:08:44.744] [DEBUG] default - create entity
[2020-05-07T17:08:47.357] [DEBUG] default - Add
[2020-05-07T17:08:49.878] [DEBUG] default - create entity
[2020-05-07T17:08:55.375] [DEBUG] default - trancate db
[2020-05-07T17:08:57.486] [DEBUG] default - Add
[2020-05-07T17:09:01.055] [DEBUG] default - create entity
[2020-05-07T17:09:06.652] [DEBUG] default - create entity
[2020-05-07T17:09:07.984] [DEBUG] default - Add
[2020-05-07T17:09:12.298] [DEBUG] default - create entity
[2020-05-07T17:09:17.811] [DEBUG] default - create entity
[2020-05-07T17:09:18.187] [DEBUG] default - Add
[2020-05-07T17:09:23.094] [DEBUG] default - create entity
[2020-05-07T17:09:28.030] [DEBUG] default - Add
[2020-05-07T17:09:28.927] [DEBUG] default - create entity
[2020-05-07T17:09:34.362] [DEBUG] default - create entity
[2020-05-07T17:09:37.630] [DEBUG] default - Add
[2020-05-07T17:09:39.945] [DEBUG] default - create entity
[2020-05-07T17:09:45.394] [DEBUG] default - create entity
[2020-05-07T17:09:48.058] [DEBUG] default - Add
[2020-05-07T17:09:50.801] [DEBUG] default - create entity
[2020-05-07T17:09:56.349] [DEBUG] default - trancate db
[2020-05-07T17:09:57.908] [DEBUG] default - Add
[2020-05-07T17:09:59.138] [DEBUG] default - restore from central data base
[2020-05-07T17:09:59.412] [DEBUG] default - restore [object Object]
[2020-05-07T17:09:59.624] [DEBUG] default - restore [object Object]
[2020-05-07T17:09:59.757] [DEBUG] default - restore [object Object]
[2020-05-07T17:09:59.806] [DEBUG] default - restore [object Object]
[2020-05-07T17:09:59.848] [DEBUG] default - restore [object Object]
[2020-05-07T17:10:01.802] [DEBUG] default - create entity
[2020-05-07T17:10:07.483] [DEBUG] default - create entity
[2020-05-07T17:10:08.027] [DEBUG] default - Add
[2020-05-07T17:10:13.007] [DEBUG] default - create entity
[2020-05-07T17:10:17.931] [DEBUG] default - Add
[2020-05-07T17:10:18.613] [DEBUG] default - create entity
[2020-05-07T17:10:24.518] [DEBUG] default - create entity
[2020-05-07T17:10:28.047] [DEBUG] default - Add
[2020-05-07T17:10:29.605] [DEBUG] default - trancate db
[2020-05-07T17:10:35.130] [DEBUG] default - create entity
[2020-05-07T17:10:38.394] [DEBUG] default - Add
[2020-05-07T17:10:40.803] [DEBUG] default - create entity
[2020-05-07T17:10:46.202] [DEBUG] default - create entity
[2020-05-07T17:10:48.754] [DEBUG] default - Add
[2020-05-07T17:10:51.669] [DEBUG] default - create entity
[2020-05-07T17:10:57.643] [DEBUG] default - create entity
[2020-05-07T17:10:58.450] [DEBUG] default - Add
[2020-05-07T17:11:03.018] [DEBUG] default - create entity
[2020-05-07T17:11:08.513] [DEBUG] default - create entity
[2020-05-07T17:11:08.558] [DEBUG] default - Add
[2020-05-07T17:11:13.945] [DEBUG] default - create entity
[2020-05-07T17:11:18.849] [DEBUG] default - Add
[2020-05-07T17:11:19.621] [DEBUG] default - create entity
[2020-05-07T17:11:25.082] [DEBUG] default - create entity
[2020-05-07T17:11:28.719] [DEBUG] default - Add
[2020-05-07T17:11:30.818] [DEBUG] default - trancate db
[2020-05-07T17:11:36.163] [DEBUG] default - create entity
[2020-05-07T17:11:38.637] [DEBUG] default - Add
[2020-05-07T17:11:41.670] [DEBUG] default - create entity
[2020-05-07T17:11:47.193] [DEBUG] default - create entity
[2020-05-07T17:11:48.815] [DEBUG] default - Add
[2020-05-07T17:11:52.676] [DEBUG] default - create entity
[2020-05-07T17:11:58.225] [DEBUG] default - create entity
[2020-05-07T17:11:58.720] [DEBUG] default - Add
[2020-05-07T17:12:03.754] [DEBUG] default - create entity
[2020-05-07T17:12:08.659] [DEBUG] default - Add
[2020-05-07T17:12:09.249] [DEBUG] default - create entity
[2020-05-20T10:40:39.396] [DEBUG] default - create entity
[2020-05-20T10:40:44.954] [DEBUG] default - create entity
[2020-05-20T10:40:51.453] [DEBUG] default - create entity
[2020-05-20T10:40:56.485] [DEBUG] default - trancate db
[2020-05-20T10:41:03.391] [DEBUG] default - create entity
[2020-05-20T10:41:08.218] [DEBUG] default - create entity
[2020-05-20T10:41:14.175] [DEBUG] default - create entity
[2020-05-20T10:41:19.063] [DEBUG] default - create entity
[2020-05-20T10:41:26.013] [DEBUG] default - create entity
[2020-05-20T10:41:31.967] [DEBUG] default - create entity
[2020-05-20T10:41:37.282] [DEBUG] default - create entity
[2020-05-20T10:41:43.402] [DEBUG] default - create entity
[2020-05-20T10:41:48.337] [DEBUG] default - create entity
[2020-05-20T10:41:54.218] [DEBUG] default - create entity
[2020-05-20T10:41:54.483] [DEBUG] default - Add
[2020-05-20T10:41:59.635] [DEBUG] default - trancate db
[2020-05-20T10:42:03.741] [DEBUG] default - Add
[2020-05-20T10:42:04.884] [DEBUG] default - create entity
[2020-05-20T10:42:10.923] [DEBUG] default - create entity
[2020-05-20T10:42:13.425] [DEBUG] default - Add
[2020-05-20T10:42:15.972] [DEBUG] default - create entity
[2020-05-20T10:42:21.596] [DEBUG] default - create entity
[2020-05-20T10:42:23.435] [DEBUG] default - Add
[2020-05-20T10:42:26.927] [DEBUG] default - create entity
[2020-05-20T10:42:32.686] [DEBUG] default - create entity
[2020-05-20T10:42:33.734] [DEBUG] default - Add
[2020-05-20T10:42:38.181] [DEBUG] default - create entity
[2020-05-20T10:42:43.795] [DEBUG] default - create entity
[2020-05-20T10:42:43.847] [DEBUG] default - Add
[2020-05-20T10:42:49.146] [DEBUG] default - create entity
[2020-05-20T10:42:54.467] [DEBUG] default - Add
[2020-05-20T10:42:55.248] [DEBUG] default - create entity
[2020-05-20T10:43:02.598] [DEBUG] default - trancate db
[2020-05-20T10:43:04.079] [DEBUG] default - Add
[2020-05-20T10:43:06.288] [DEBUG] default - create entity
[2020-05-20T10:43:12.095] [DEBUG] default - create entity
[2020-05-20T10:43:13.748] [DEBUG] default - Add
[2020-05-20T10:43:17.304] [DEBUG] default - create entity
[2020-05-20T10:43:23.649] [DEBUG] default - create entity
[2020-05-20T10:43:24.558] [DEBUG] default - Add
[2020-05-20T10:43:28.577] [DEBUG] default - create entity
[2020-05-20T10:43:33.752] [DEBUG] default - Add
[2020-05-20T10:43:33.796] [DEBUG] default - create entity
[2020-05-20T10:43:39.469] [DEBUG] default - create entity
[2020-05-20T10:43:43.991] [DEBUG] default - Add
[2020-05-20T10:43:45.109] [DEBUG] default - create entity
[2020-05-20T10:43:50.826] [DEBUG] default - create entity
[2020-05-20T10:43:54.242] [DEBUG] default - Add
[2020-05-20T10:43:56.054] [DEBUG] default - create entity
[2020-05-20T10:44:02.219] [DEBUG] default - trancate db
[2020-05-20T10:44:03.871] [DEBUG] default - Add
[2020-05-20T10:44:05.642] [DEBUG] default - restore from central data base
[2020-05-20T10:44:07.374] [DEBUG] default - restore [object Object]
[2020-05-20T10:44:07.423] [DEBUG] default - create entity
[2020-05-20T10:44:07.478] [DEBUG] default - restore [object Object]
[2020-05-20T10:44:07.624] [DEBUG] default - restore [object Object]
[2020-05-20T10:44:07.811] [DEBUG] default - restore [object Object]
[2020-05-20T10:44:07.893] [DEBUG] default - restore [object Object]
[2020-05-20T10:44:12.810] [DEBUG] default - create entity
[2020-05-20T10:44:16.469] [DEBUG] default - Add
[2020-05-20T10:44:18.470] [DEBUG] default - create entity
[2020-05-20T10:44:24.608] [DEBUG] default - create entity
[2020-05-20T10:44:25.501] [DEBUG] default - Add
[2020-05-20T10:44:29.637] [DEBUG] default - create entity
[2020-05-20T10:44:34.364] [DEBUG] default - Add
[2020-05-20T10:44:35.402] [DEBUG] default - create entity
[2020-05-20T10:44:40.705] [DEBUG] default - trancate db
[2020-05-20T10:44:42.041] [DEBUG] default - Add
[2020-05-20T10:44:44.544] [DEBUG] default - Add
[2020-05-20T10:44:46.523] [DEBUG] default - create entity
[2020-05-20T10:44:48.114] [DEBUG] default - restore from central data base
[2020-05-20T10:44:48.409] [DEBUG] default - restore [object Object]
[2020-05-20T10:44:48.459] [DEBUG] default - restore [object Object]
[2020-05-20T10:44:48.678] [DEBUG] default - restore [object Object]
[2020-05-20T10:44:48.931] [DEBUG] default - restore [object Object]
[2020-05-20T10:44:49.156] [DEBUG] default - restore [object Object]
[2020-05-20T10:44:52.105] [DEBUG] default - create entity
[2020-05-20T10:44:53.294] [DEBUG] default - Add
[2020-05-20T10:44:54.873] [DEBUG] default - Add
[2020-05-20T10:44:57.651] [DEBUG] default - create entity
[2020-05-20T10:45:02.947] [DEBUG] default - create entity
[2020-05-20T10:45:05.062] [DEBUG] default - Add
[2020-05-20T10:45:08.328] [DEBUG] default - create entity
[2020-05-20T10:45:14.348] [DEBUG] default - create entity
[2020-05-20T10:45:15.707] [DEBUG] default - Add
[2020-05-20T10:45:19.942] [DEBUG] default - trancate db
[2020-05-20T10:45:25.916] [DEBUG] default - create entity
[2020-05-20T10:45:26.360] [DEBUG] default - Add
[2020-05-20T10:45:31.682] [DEBUG] default - create entity
[2020-05-20T10:45:36.030] [DEBUG] default - Add
[2020-05-20T10:45:36.808] [DEBUG] default - create entity
[2020-05-20T10:45:42.433] [DEBUG] default - create entity
[2020-05-20T10:45:45.895] [DEBUG] default - Add
[2020-05-20T10:45:48.053] [DEBUG] default - create entity
[2020-05-20T10:45:53.439] [DEBUG] default - create entity
[2020-05-20T10:45:56.241] [DEBUG] default - Add
[2020-05-20T10:45:59.534] [DEBUG] default - create entity
[2020-05-20T10:46:04.790] [DEBUG] default - create entity
[2020-05-20T10:46:06.085] [DEBUG] default - Add
[2020-05-20T10:46:09.998] [DEBUG] default - create entity
[2020-05-20T10:46:16.874] [DEBUG] default - create entity
[2020-05-20T10:46:18.654] [DEBUG] default - Add
[2020-05-20T10:51:11.933] [DEBUG] default - trancate db
[2020-05-20T10:51:16.882] [DEBUG] default - create entity
[2020-05-20T10:51:23.298] [DEBUG] default - create entity
[2020-05-20T10:51:28.200] [DEBUG] default - create entity
[2020-05-20T10:51:34.242] [DEBUG] default - create entity
[2020-05-20T10:51:39.875] [DEBUG] default - create entity
[2020-05-20T10:51:44.760] [DEBUG] default - create entity
[2020-05-20T10:51:50.361] [DEBUG] default - create entity
[2020-05-20T10:51:55.746] [DEBUG] default - create entity
[2020-05-20T10:51:58.940] [DEBUG] default - Add
[2020-05-20T10:52:01.446] [DEBUG] default - create entity
[2020-05-20T10:52:07.143] [DEBUG] default - create entity
[2020-05-20T10:52:09.159] [DEBUG] default - Add
[2020-05-20T10:52:12.619] [DEBUG] default - trancate db
[2020-05-20T10:52:18.021] [DEBUG] default - create entity
[2020-05-20T10:52:18.251] [DEBUG] default - Add
[2020-05-20T10:52:23.429] [DEBUG] default - create entity
[2020-05-20T10:52:28.344] [DEBUG] default - Add
[2020-05-20T10:52:29.027] [DEBUG] default - create entity
[2020-05-20T10:52:34.458] [DEBUG] default - create entity
[2020-05-20T10:52:38.558] [DEBUG] default - Add
[2020-05-20T10:52:40.036] [DEBUG] default - create entity
[2020-05-20T10:52:45.473] [DEBUG] default - create entity
[2020-05-20T10:52:48.249] [DEBUG] default - Add
[2020-05-20T10:52:51.523] [DEBUG] default - create entity
[2020-05-20T10:52:56.543] [DEBUG] default - create entity
[2020-05-20T10:52:58.471] [DEBUG] default - Add
[2020-05-20T10:52:59.608] [DEBUG] default - Add
[2020-05-20T10:53:02.317] [DEBUG] default - create entity
[2020-05-20T10:53:05.708] [DEBUG] default - Add
[2020-05-20T10:53:07.915] [DEBUG] default - create entity
[2020-05-20T10:53:08.655] [DEBUG] default - Add
[2020-05-20T10:53:08.856] [DEBUG] default - Add
[2020-05-20T10:53:13.060] [DEBUG] default - restore from central data base
[2020-05-20T10:53:13.205] [DEBUG] default - trancate db
[2020-05-20T10:53:13.336] [DEBUG] default - restore [object Object]
[2020-05-20T10:53:13.373] [DEBUG] default - restore [object Object]
[2020-05-20T10:53:13.407] [DEBUG] default - restore [object Object]
[2020-05-20T10:53:13.458] [DEBUG] default - restore [object Object]
[2020-05-20T10:53:13.538] [DEBUG] default - restore [object Object]
[2020-05-20T10:53:17.620] [DEBUG] default - Add
[2020-05-20T10:53:18.872] [DEBUG] default - create entity
[2020-05-20T10:53:19.132] [DEBUG] default - Add
[2020-05-20T10:53:24.253] [DEBUG] default - create entity
[2020-05-20T10:53:28.964] [DEBUG] default - Add
[2020-05-20T10:53:31.566] [DEBUG] default - create entity
[2020-05-20T10:53:35.914] [DEBUG] default - create entity
[2020-05-20T10:53:38.903] [DEBUG] default - Add
[2020-05-20T10:53:41.330] [DEBUG] default - create entity
[2020-05-20T10:53:46.736] [DEBUG] default - trancate db
[2020-05-20T10:53:49.138] [DEBUG] default - Add
[2020-05-20T10:53:52.369] [DEBUG] default - create entity
[2020-05-20T10:53:57.912] [DEBUG] default - create entity
[2020-05-20T10:53:59.113] [DEBUG] default - Add
[2020-05-20T10:54:03.508] [DEBUG] default - create entity
[2020-05-20T10:54:09.206] [DEBUG] default - create entity
[2020-05-20T10:54:09.508] [DEBUG] default - Add
[2020-05-20T10:54:14.608] [DEBUG] default - create entity
[2020-05-20T10:54:19.631] [DEBUG] default - Add
[2020-05-20T10:54:20.115] [DEBUG] default - create entity
[2020-05-20T10:54:25.649] [DEBUG] default - create entity
[2020-05-20T10:54:29.405] [DEBUG] default - Add
[2020-05-20T11:45:45.997] [DEBUG] default - Add
[2020-05-20T11:45:46.545] [DEBUG] default - Add
[2020-05-20T11:45:49.668] [DEBUG] default - create entity
[2020-05-20T11:45:53.741] [DEBUG] default - Add
[2020-05-20T11:45:55.559] [DEBUG] default - create entity
[2020-05-20T11:45:57.602] [DEBUG] default - Add
[2020-05-20T11:46:01.309] [DEBUG] default - create entity
[2020-05-20T11:46:04.731] [DEBUG] default - Add
[2020-05-20T11:46:06.981] [DEBUG] default - trancate db
[2020-05-20T11:46:07.611] [DEBUG] default - Add
[2020-05-20T11:46:10.582] [DEBUG] default - Add
[2020-05-20T11:46:13.276] [DEBUG] default - create entity
[2020-05-20T11:46:14.142] [DEBUG] default - Add
[2020-05-20T11:46:17.697] [DEBUG] default - Add
[2020-05-20T11:46:19.327] [DEBUG] default - create entity
[2020-05-20T11:46:23.681] [DEBUG] default - create entity
[2020-05-20T11:46:24.188] [DEBUG] default - Add
[2020-05-20T11:46:30.242] [DEBUG] default - create entity
[2020-05-20T11:46:32.911] [DEBUG] default - Add
[2020-05-20T11:46:35.705] [DEBUG] default - create entity
[2020-05-20T11:46:38.689] [DEBUG] default - Add
[2020-05-20T11:46:40.719] [DEBUG] default - Add
[2020-05-20T11:46:40.722] [DEBUG] default - create entity
[2020-05-20T11:46:46.147] [DEBUG] default - Add
[2020-05-20T11:46:46.574] [DEBUG] default - create entity
[2020-05-20T11:46:54.228] [DEBUG] default - create entity
[2020-05-20T11:46:58.658] [DEBUG] default - create entity
[2020-05-20T11:47:00.626] [DEBUG] default - Add
[2020-05-20T11:47:00.637] [DEBUG] default - Add
[2020-05-20T11:47:04.434] [DEBUG] default - create entity
[2020-05-20T11:47:07.343] [DEBUG] default - Add
[2020-05-20T11:47:09.738] [DEBUG] default - trancate db
[2020-05-20T11:47:14.580] [DEBUG] default - restore from central data base
[2020-05-20T11:47:15.289] [DEBUG] default - create entity
[2020-05-20T11:47:19.312] [DEBUG] default - restore from central data base
[2020-05-20T11:47:19.979] [DEBUG] default - Add
[2020-05-20T11:47:19.992] [DEBUG] default - Add
[2020-05-20T11:47:21.641] [DEBUG] default - create entity
[2020-05-20T11:47:27.153] [DEBUG] default - create entity
[2020-05-20T11:47:28.146] [DEBUG] default - Add
[2020-05-20T11:47:28.156] [DEBUG] default - Add
[2020-05-20T11:47:32.637] [DEBUG] default - create entity
[2020-05-20T11:47:36.774] [DEBUG] default - Add
[2020-05-20T11:47:38.101] [DEBUG] default - create entity
[2020-05-20T11:47:39.817] [DEBUG] default - Add
[2020-05-20T11:47:43.587] [DEBUG] default - create entity
[2020-05-20T11:47:47.512] [DEBUG] default - Add
[2020-05-20T11:47:49.421] [DEBUG] default - create entity
[2020-05-20T11:47:51.414] [DEBUG] default - Add
[2020-05-20T11:47:54.685] [DEBUG] default - create entity
[2020-05-20T11:47:55.340] [DEBUG] default - restore [object Object]
[2020-05-20T11:47:55.374] [DEBUG] default - restore [object Object]
[2020-05-20T11:47:55.994] [DEBUG] default - restore [object Object]
[2020-05-20T11:47:56.245] [DEBUG] default - restore [object Object]
[2020-05-20T11:47:56.720] [DEBUG] default - restore [object Object]
[2020-05-20T11:47:57.025] [DEBUG] default - restore [object Object]
[2020-05-20T11:47:57.154] [DEBUG] default - restore [object Object]
[2020-05-20T11:47:57.466] [DEBUG] default - restore [object Object]
[2020-05-20T11:47:57.733] [DEBUG] default - restore [object Object]
[2020-05-20T11:48:00.470] [DEBUG] default - create entity
[2020-05-20T11:48:05.020] [DEBUG] default - Add
[2020-05-20T11:48:06.500] [DEBUG] default - create entity
[2020-05-20T11:48:09.017] [DEBUG] default - Add
[2020-05-20T11:48:09.026] [DEBUG] default - Add
[2020-05-20T11:48:09.028] [DEBUG] default - Add
[2020-05-20T11:48:11.751] [DEBUG] default - create entity
[2020-05-20T11:48:13.197] [DEBUG] default - Add
[2020-05-20T11:48:17.253] [DEBUG] default - create entity
[2020-05-20T11:48:19.476] [DEBUG] default - Add
[2020-05-20T11:48:24.082] [DEBUG] default - create entity
[2020-05-20T11:48:26.795] [DEBUG] default - Add
[2020-05-20T11:48:29.114] [DEBUG] default - trancate db
[2020-05-20T11:48:32.694] [DEBUG] default - Add
[2020-05-20T11:48:34.601] [DEBUG] default - create entity
[2020-05-20T11:48:35.708] [DEBUG] default - Add
[2020-05-20T11:48:39.924] [DEBUG] default - create entity
[2020-05-20T11:48:42.603] [DEBUG] default - Add
[2020-05-20T11:48:45.276] [DEBUG] default - create entity
[2020-05-20T11:48:46.609] [DEBUG] default - Add
[2020-05-20T11:48:51.508] [DEBUG] default - create entity
[2020-05-20T11:48:57.210] [DEBUG] default - create entity
[2020-05-20T11:49:02.834] [DEBUG] default - create entity
[2020-05-20T11:49:06.753] [DEBUG] default - Add
[2020-05-20T11:49:06.758] [DEBUG] default - Add
[2020-05-20T11:49:08.125] [DEBUG] default - create entity
[2020-05-20T11:49:13.418] [DEBUG] default - create entity
[2020-05-20T11:49:15.543] [DEBUG] default - Add
[2020-05-20T11:49:15.807] [DEBUG] default - Add
[2020-05-20T11:49:19.465] [DEBUG] default - create entity
[2020-05-20T11:49:25.186] [DEBUG] default - create entity
[2020-05-20T11:49:26.989] [DEBUG] default - Add
[2020-05-20T11:49:27.006] [DEBUG] default - Add
