[2020-05-20T10:51:52.706] [DEBUG] default - send db
[2020-05-20T10:51:57.742] [DEBUG] default - fetch from 1
[2020-05-20T10:51:58.060] [DEBUG] default - fetch from 2
[2020-05-20T10:51:58.947] [DEBUG] default - from 2: 8
[2020-05-20T10:51:59.289] [DEBUG] default - from 1: 10
[2020-05-20T10:52:00.473] [DEBUG] default - upd: {"data":"2020-05-20T09:51:16.883Z","clNum":2}
[2020-05-20T10:52:00.494] [DEBUG] default - upd: {"data":"2020-05-20T09:51:03.998Z","clNum":1}
[2020-05-20T10:52:00.772] [DEBUG] default - upd: {"data":"2020-05-20T09:51:23.305Z","clNum":2}
[2020-05-20T10:52:00.805] [DEBUG] default - upd: {"data":"2020-05-20T09:51:04.019Z","clNum":1}
[2020-05-20T10:52:01.503] [DEBUG] default - upd: {"data":"2020-05-20T09:51:28.203Z","clNum":2}
[2020-05-20T10:52:01.689] [DEBUG] default - upd: {"data":"2020-05-20T09:51:04.030Z","clNum":1}
[2020-05-20T10:52:01.794] [DEBUG] default - upd: {"data":"2020-05-20T09:51:34.246Z","clNum":2}
[2020-05-20T10:52:01.858] [DEBUG] default - upd: {"data":"2020-05-20T09:51:04.032Z","clNum":1}
[2020-05-20T10:52:01.979] [DEBUG] default - upd: {"data":"2020-05-20T09:51:39.875Z","clNum":2}
[2020-05-20T10:52:02.138] [DEBUG] default - upd: {"data":"2020-05-20T09:51:04.051Z","clNum":1}
[2020-05-20T10:52:02.167] [DEBUG] default - upd: {"data":"2020-05-20T09:51:44.761Z","clNum":2}
[2020-05-20T10:52:02.240] [DEBUG] default - upd: {"data":"2020-05-20T09:51:04.055Z","clNum":1}
[2020-05-20T10:52:02.256] [DEBUG] default - upd: {"data":"2020-05-20T09:51:50.362Z","clNum":2}
[2020-05-20T10:52:02.489] [DEBUG] default - upd: {"data":"2020-05-20T09:51:04.058Z","clNum":1}
[2020-05-20T10:52:02.741] [DEBUG] default - upd: {"data":"2020-05-20T09:51:55.747Z","clNum":2}
[2020-05-20T10:52:02.785] [DEBUG] default - upd: {"data":"2020-05-20T09:51:04.061Z","clNum":1}
[2020-05-20T10:52:02.969] [DEBUG] default - upd: {"data":"2020-05-20T09:51:04.064Z","clNum":1}
[2020-05-20T10:52:03.191] [DEBUG] default - upd: {"data":"2020-05-20T09:51:04.065Z","clNum":1}
[2020-05-20T10:52:04.505] [DEBUG] default - send db
[2020-05-20T10:52:07.944] [DEBUG] default - fetch from 1
[2020-05-20T10:52:08.144] [DEBUG] default - fetch from 2
[2020-05-20T10:52:08.473] [DEBUG] default - from 1: 10
[2020-05-20T10:52:09.257] [DEBUG] default - from 2: 10
[2020-05-20T10:52:09.543] [DEBUG] default - upd: {"data":"2020-05-20T09:51:03.998Z","clNum":1}
[2020-05-20T10:52:10.337] [DEBUG] default - upd: {"data":"2020-05-20T09:51:16.883Z","clNum":2}
[2020-05-20T10:52:10.553] [DEBUG] default - upd: {"data":"2020-05-20T09:51:04.019Z","clNum":1}
[2020-05-20T10:52:10.959] [DEBUG] default - upd: {"data":"2020-05-20T09:51:23.305Z","clNum":2}
[2020-05-20T10:52:11.212] [DEBUG] default - upd: {"data":"2020-05-20T09:51:04.030Z","clNum":1}
[2020-05-20T10:52:11.502] [DEBUG] default - upd: {"data":"2020-05-20T09:51:28.203Z","clNum":2}
[2020-05-20T10:52:11.846] [DEBUG] default - upd: {"data":"2020-05-20T09:51:04.032Z","clNum":1}
[2020-05-20T10:52:12.794] [DEBUG] default - upd: {"data":"2020-05-20T09:51:34.246Z","clNum":2}
[2020-05-20T10:52:13.242] [DEBUG] default - upd: {"data":"2020-05-20T09:51:04.051Z","clNum":1}
[2020-05-20T10:52:13.485] [DEBUG] default - upd: {"data":"2020-05-20T09:51:39.875Z","clNum":2}
[2020-05-20T10:52:13.519] [DEBUG] default - upd: {"data":"2020-05-20T09:51:04.055Z","clNum":1}
[2020-05-20T10:52:13.623] [DEBUG] default - upd: {"data":"2020-05-20T09:51:44.761Z","clNum":2}
[2020-05-20T10:52:13.701] [DEBUG] default - upd: {"data":"2020-05-20T09:51:04.058Z","clNum":1}
[2020-05-20T10:52:14.057] [DEBUG] default - upd: {"data":"2020-05-20T09:51:50.362Z","clNum":2}
[2020-05-20T10:52:14.106] [DEBUG] default - upd: {"data":"2020-05-20T09:51:04.061Z","clNum":1}
[2020-05-20T10:52:14.213] [DEBUG] default - upd: {"data":"2020-05-20T09:51:55.747Z","clNum":2}
[2020-05-20T10:52:14.240] [DEBUG] default - upd: {"data":"2020-05-20T09:51:04.064Z","clNum":1}
[2020-05-20T10:52:14.457] [DEBUG] default - upd: {"data":"2020-05-20T09:52:01.447Z","clNum":2}
[2020-05-20T10:52:14.473] [DEBUG] default - upd: {"data":"2020-05-20T09:51:04.065Z","clNum":1}
[2020-05-20T10:52:14.493] [DEBUG] default - upd: {"data":"2020-05-20T09:52:07.144Z","clNum":2}
[2020-05-20T10:52:17.741] [DEBUG] default - fetch from 1
[2020-05-20T10:52:17.775] [DEBUG] default - from 1: 10
[2020-05-20T10:52:17.819] [DEBUG] default - upd: {"data":"2020-05-20T09:51:03.998Z","clNum":1}
[2020-05-20T10:52:18.027] [DEBUG] default - upd: {"data":"2020-05-20T09:51:04.019Z","clNum":1}
[2020-05-20T10:52:18.074] [DEBUG] default - upd: {"data":"2020-05-20T09:51:04.030Z","clNum":1}
[2020-05-20T10:52:18.171] [DEBUG] default - upd: {"data":"2020-05-20T09:51:04.032Z","clNum":1}
[2020-05-20T10:52:18.176] [DEBUG] default - fetch from 2
[2020-05-20T10:52:18.275] [DEBUG] default - from 2: 1
[2020-05-20T10:52:18.427] [DEBUG] default - upd: {"data":"2020-05-20T09:51:04.051Z","clNum":1}
[2020-05-20T10:52:19.159] [DEBUG] default - upd: {"data":"2020-05-20T09:52:18.024Z","clNum":2}
[2020-05-20T10:52:19.254] [DEBUG] default - upd: {"data":"2020-05-20T09:51:04.055Z","clNum":1}
[2020-05-20T10:52:19.524] [DEBUG] default - upd: {"data":"2020-05-20T09:51:04.058Z","clNum":1}
[2020-05-20T10:52:19.735] [DEBUG] default - upd: {"data":"2020-05-20T09:51:04.061Z","clNum":1}
[2020-05-20T10:52:20.073] [DEBUG] default - upd: {"data":"2020-05-20T09:51:04.064Z","clNum":1}
[2020-05-20T10:52:20.355] [DEBUG] default - upd: {"data":"2020-05-20T09:51:04.065Z","clNum":1}
[2020-05-20T10:52:27.782] [DEBUG] default - fetch from 1
[2020-05-20T10:52:27.838] [DEBUG] default - from 1: 10
[2020-05-20T10:52:28.118] [DEBUG] default - upd: {"data":"2020-05-20T09:51:03.998Z","clNum":1}
[2020-05-20T10:52:28.185] [DEBUG] default - fetch from 2
[2020-05-20T10:52:28.439] [DEBUG] default - from 2: 2
[2020-05-20T10:52:28.965] [DEBUG] default - upd: {"data":"2020-05-20T09:51:04.019Z","clNum":1}
[2020-05-20T10:52:29.177] [DEBUG] default - upd: {"data":"2020-05-20T09:52:18.024Z","clNum":2}
[2020-05-20T10:52:29.284] [DEBUG] default - upd: {"data":"2020-05-20T09:51:04.030Z","clNum":1}
[2020-05-20T10:52:29.462] [DEBUG] default - upd: {"data":"2020-05-20T09:52:23.437Z","clNum":2}
[2020-05-20T10:52:29.488] [DEBUG] default - upd: {"data":"2020-05-20T09:51:04.032Z","clNum":1}
[2020-05-20T10:52:29.627] [DEBUG] default - upd: {"data":"2020-05-20T09:51:04.051Z","clNum":1}
[2020-05-20T10:52:29.687] [DEBUG] default - upd: {"data":"2020-05-20T09:51:04.055Z","clNum":1}
[2020-05-20T10:52:29.727] [DEBUG] default - upd: {"data":"2020-05-20T09:51:04.058Z","clNum":1}
[2020-05-20T10:52:29.775] [DEBUG] default - upd: {"data":"2020-05-20T09:51:04.061Z","clNum":1}
[2020-05-20T10:52:29.824] [DEBUG] default - upd: {"data":"2020-05-20T09:51:04.064Z","clNum":1}
[2020-05-20T10:52:30.082] [DEBUG] default - upd: {"data":"2020-05-20T09:51:04.065Z","clNum":1}
[2020-05-20T10:52:38.099] [DEBUG] default - fetch from 1
[2020-05-20T10:52:38.208] [DEBUG] default - fetch from 2
[2020-05-20T10:52:38.327] [DEBUG] default - from 1: 10
[2020-05-20T10:52:38.577] [DEBUG] default - from 2: 4
[2020-05-20T10:52:39.144] [DEBUG] default - upd: {"data":"2020-05-20T09:51:03.998Z","clNum":1}
[2020-05-20T10:52:39.403] [DEBUG] default - upd: {"data":"2020-05-20T09:52:18.024Z","clNum":2}
[2020-05-20T10:52:39.490] [DEBUG] default - upd: {"data":"2020-05-20T09:51:04.019Z","clNum":1}
[2020-05-20T10:52:39.592] [DEBUG] default - upd: {"data":"2020-05-20T09:52:23.437Z","clNum":2}
[2020-05-20T10:52:39.611] [DEBUG] default - upd: {"data":"2020-05-20T09:51:04.030Z","clNum":1}
[2020-05-20T10:52:39.728] [DEBUG] default - upd: {"data":"2020-05-20T09:52:29.027Z","clNum":2}
[2020-05-20T10:52:39.744] [DEBUG] default - upd: {"data":"2020-05-20T09:51:04.032Z","clNum":1}
[2020-05-20T10:52:39.852] [DEBUG] default - upd: {"data":"2020-05-20T09:52:34.459Z","clNum":2}
[2020-05-20T10:52:39.855] [DEBUG] default - upd: {"data":"2020-05-20T09:51:04.051Z","clNum":1}
[2020-05-20T10:52:40.053] [DEBUG] default - upd: {"data":"2020-05-20T09:51:04.055Z","clNum":1}
[2020-05-20T10:52:40.160] [DEBUG] default - upd: {"data":"2020-05-20T09:51:04.058Z","clNum":1}
[2020-05-20T10:52:40.275] [DEBUG] default - upd: {"data":"2020-05-20T09:51:04.061Z","clNum":1}
[2020-05-20T10:52:40.701] [DEBUG] default - upd: {"data":"2020-05-20T09:51:04.064Z","clNum":1}
[2020-05-20T10:52:40.971] [DEBUG] default - upd: {"data":"2020-05-20T09:51:04.065Z","clNum":1}
[2020-05-20T10:52:45.785] [DEBUG] default - send db
[2020-05-20T10:52:47.936] [DEBUG] default - fetch from 1
[2020-05-20T10:52:47.973] [DEBUG] default - from 1: 5
[2020-05-20T10:52:48.005] [DEBUG] default - upd: {"data":"2020-05-06T11:52:51.565Z","clNum":2}
[2020-05-20T10:52:48.028] [DEBUG] default - upd: {"data":"2020-05-06T11:52:57.064Z","clNum":2}
[2020-05-20T10:52:48.062] [DEBUG] default - upd: {"data":"2020-05-06T11:53:02.565Z","clNum":2}
[2020-05-20T10:52:48.102] [DEBUG] default - upd: {"data":"2020-05-06T11:53:08.083Z","clNum":2}
[2020-05-20T10:52:48.136] [DEBUG] default - upd: {"data":"2020-05-06T11:53:13.572Z","clNum":2}
[2020-05-20T10:52:48.210] [DEBUG] default - fetch from 2
[2020-05-20T10:52:48.253] [DEBUG] default - from 2: 6
[2020-05-20T10:52:48.303] [DEBUG] default - upd: {"data":"2020-05-20T09:52:18.024Z","clNum":2}
[2020-05-20T10:52:48.326] [DEBUG] default - upd: {"data":"2020-05-20T09:52:23.437Z","clNum":2}
[2020-05-20T10:52:48.354] [DEBUG] default - upd: {"data":"2020-05-20T09:52:29.027Z","clNum":2}
[2020-05-20T10:52:48.394] [DEBUG] default - upd: {"data":"2020-05-20T09:52:34.459Z","clNum":2}
[2020-05-20T10:52:48.426] [DEBUG] default - upd: {"data":"2020-05-20T09:52:40.036Z","clNum":2}
[2020-05-20T10:52:48.457] [DEBUG] default - upd: {"data":"2020-05-20T09:52:45.474Z","clNum":2}
[2020-05-20T10:52:57.935] [DEBUG] default - fetch from 1
[2020-05-20T10:52:57.961] [DEBUG] default - from 1: 5
[2020-05-20T10:52:58.035] [DEBUG] default - upd: {"data":"2020-05-06T11:52:51.565Z","clNum":2}
[2020-05-20T10:52:58.087] [DEBUG] default - upd: {"data":"2020-05-06T11:52:57.064Z","clNum":2}
[2020-05-20T10:52:58.288] [DEBUG] default - fetch from 2
[2020-05-20T10:52:58.487] [DEBUG] default - upd: {"data":"2020-05-06T11:53:02.565Z","clNum":2}
[2020-05-20T10:52:58.503] [DEBUG] default - from 2: 8
[2020-05-20T10:52:58.554] [DEBUG] default - upd: {"data":"2020-05-06T11:53:08.083Z","clNum":2}
[2020-05-20T10:52:58.567] [DEBUG] default - upd: {"data":"2020-05-20T09:52:18.024Z","clNum":2}
[2020-05-20T10:52:58.639] [DEBUG] default - upd: {"data":"2020-05-06T11:53:13.572Z","clNum":2}
[2020-05-20T10:52:58.652] [DEBUG] default - upd: {"data":"2020-05-20T09:52:23.437Z","clNum":2}
[2020-05-20T10:52:58.781] [DEBUG] default - upd: {"data":"2020-05-20T09:52:29.027Z","clNum":2}
[2020-05-20T10:52:58.841] [DEBUG] default - upd: {"data":"2020-05-20T09:52:34.459Z","clNum":2}
[2020-05-20T10:52:58.907] [DEBUG] default - upd: {"data":"2020-05-20T09:52:40.036Z","clNum":2}
[2020-05-20T10:52:58.989] [DEBUG] default - upd: {"data":"2020-05-20T09:52:45.474Z","clNum":2}
[2020-05-20T10:52:59.053] [DEBUG] default - upd: {"data":"2020-05-20T09:52:51.524Z","clNum":2}
[2020-05-20T10:52:59.137] [DEBUG] default - upd: {"data":"2020-05-20T09:52:56.543Z","clNum":2}
[2020-05-20T10:53:08.571] [DEBUG] default - fetch from 1
[2020-05-20T10:53:08.575] [DEBUG] default - fetch from 2
[2020-05-20T10:53:08.843] [DEBUG] default - from 1: 5
[2020-05-20T10:53:09.411] [DEBUG] default - from 2: 10
[2020-05-20T10:53:10.617] [DEBUG] default - upd: {"data":"2020-05-06T11:52:51.565Z","clNum":2}
[2020-05-20T10:53:10.636] [DEBUG] default - upd: {"data":"2020-05-20T09:52:18.024Z","clNum":2}
[2020-05-20T10:53:10.724] [DEBUG] default - upd: {"data":"2020-05-06T11:52:57.064Z","clNum":2}
[2020-05-20T10:53:10.747] [DEBUG] default - upd: {"data":"2020-05-20T09:52:23.437Z","clNum":2}
[2020-05-20T10:53:10.885] [DEBUG] default - upd: {"data":"2020-05-06T11:53:02.565Z","clNum":2}
[2020-05-20T10:53:10.919] [DEBUG] default - upd: {"data":"2020-05-20T09:52:29.027Z","clNum":2}
[2020-05-20T10:53:11.045] [DEBUG] default - upd: {"data":"2020-05-06T11:53:08.083Z","clNum":2}
[2020-05-20T10:53:11.121] [DEBUG] default - upd: {"data":"2020-05-20T09:52:34.459Z","clNum":2}
[2020-05-20T10:53:11.255] [DEBUG] default - upd: {"data":"2020-05-06T11:53:13.572Z","clNum":2}
[2020-05-20T10:53:11.258] [DEBUG] default - upd: {"data":"2020-05-20T09:52:40.036Z","clNum":2}
[2020-05-20T10:53:11.349] [DEBUG] default - upd: {"data":"2020-05-20T09:52:45.474Z","clNum":2}
[2020-05-20T10:53:11.401] [DEBUG] default - upd: {"data":"2020-05-20T09:52:51.524Z","clNum":2}
[2020-05-20T10:53:11.587] [DEBUG] default - upd: {"data":"2020-05-20T09:52:56.543Z","clNum":2}
[2020-05-20T10:53:11.631] [DEBUG] default - upd: {"data":"2020-05-20T09:53:02.318Z","clNum":2}
[2020-05-20T10:53:11.668] [DEBUG] default - upd: {"data":"2020-05-20T09:53:07.916Z","clNum":2}
[2020-05-20T10:53:13.202] [DEBUG] default - send db
[2020-05-20T10:53:18.353] [DEBUG] default - fetch from 1
[2020-05-20T10:53:18.738] [DEBUG] default - fetch from 2
[2020-05-20T10:53:18.892] [DEBUG] default - from 1: 5
[2020-05-20T10:53:19.256] [DEBUG] default - from 2: 6
[2020-05-20T10:53:19.355] [DEBUG] default - upd: {"data":"2020-05-06T11:52:51.565Z","clNum":2}
[2020-05-20T10:53:19.557] [DEBUG] default - upd: {"data":"2020-05-06T11:52:31.206Z","clNum":1}
[2020-05-20T10:53:19.607] [DEBUG] default - upd: {"data":"2020-05-06T11:52:57.064Z","clNum":2}
[2020-05-20T10:53:19.740] [DEBUG] default - upd: {"data":"2020-05-06T11:52:31.211Z","clNum":1}
[2020-05-20T10:53:19.911] [DEBUG] default - upd: {"data":"2020-05-06T11:53:02.565Z","clNum":2}
[2020-05-20T10:53:19.979] [DEBUG] default - upd: {"data":"2020-05-06T11:52:31.212Z","clNum":1}
[2020-05-20T10:53:20.117] [DEBUG] default - upd: {"data":"2020-05-06T11:53:08.083Z","clNum":2}
[2020-05-20T10:53:20.137] [DEBUG] default - upd: {"data":"2020-05-06T11:52:31.212Z","clNum":1}
[2020-05-20T10:53:20.523] [DEBUG] default - upd: {"data":"2020-05-06T11:53:13.572Z","clNum":2}
[2020-05-20T10:53:20.610] [DEBUG] default - upd: {"data":"2020-05-06T11:52:31.213Z","clNum":1}
[2020-05-20T10:53:20.767] [DEBUG] default - upd: {"data":"2020-05-20T09:53:18.874Z","clNum":2}
[2020-05-20T10:53:28.379] [DEBUG] default - fetch from 1
[2020-05-20T10:53:28.424] [DEBUG] default - from 1: 5
[2020-05-20T10:53:28.457] [DEBUG] default - upd: {"data":"2020-05-06T11:52:51.565Z","clNum":2}
[2020-05-20T10:53:28.499] [DEBUG] default - upd: {"data":"2020-05-06T11:52:57.064Z","clNum":2}
[2020-05-20T10:53:28.520] [DEBUG] default - upd: {"data":"2020-05-06T11:53:02.565Z","clNum":2}
[2020-05-20T10:53:28.582] [DEBUG] default - upd: {"data":"2020-05-06T11:53:08.083Z","clNum":2}
[2020-05-20T10:53:28.621] [DEBUG] default - upd: {"data":"2020-05-06T11:53:13.572Z","clNum":2}
[2020-05-20T10:53:28.747] [DEBUG] default - fetch from 2
[2020-05-20T10:53:28.965] [DEBUG] default - from 2: 7
[2020-05-20T10:53:29.029] [DEBUG] default - upd: {"data":"2020-05-06T11:52:31.206Z","clNum":1}
[2020-05-20T10:53:29.086] [DEBUG] default - upd: {"data":"2020-05-06T11:52:31.211Z","clNum":1}
[2020-05-20T10:53:29.122] [DEBUG] default - upd: {"data":"2020-05-06T11:52:31.212Z","clNum":1}
[2020-05-20T10:53:30.518] [DEBUG] default - upd: {"data":"2020-05-06T11:52:31.212Z","clNum":1}
[2020-05-20T10:53:33.320] [DEBUG] default - upd: {"data":"2020-05-06T11:52:31.213Z","clNum":1}
[2020-05-20T10:53:34.220] [DEBUG] default - upd: {"data":"2020-05-20T09:53:18.874Z","clNum":2}
[2020-05-20T10:53:35.659] [DEBUG] default - upd: {"data":"2020-05-20T09:53:24.253Z","clNum":2}
[2020-05-20T10:53:38.381] [DEBUG] default - fetch from 1
[2020-05-20T10:53:38.448] [DEBUG] default - from 1: 5
[2020-05-20T10:53:38.515] [DEBUG] default - upd: {"data":"2020-05-06T11:52:51.565Z","clNum":2}
[2020-05-20T10:53:38.539] [DEBUG] default - upd: {"data":"2020-05-06T11:52:57.064Z","clNum":2}
[2020-05-20T10:53:38.567] [DEBUG] default - upd: {"data":"2020-05-06T11:53:02.565Z","clNum":2}
[2020-05-20T10:53:38.601] [DEBUG] default - upd: {"data":"2020-05-06T11:53:08.083Z","clNum":2}
[2020-05-20T10:53:38.783] [DEBUG] default - fetch from 2
[2020-05-20T10:53:38.966] [DEBUG] default - from 2: 9
[2020-05-20T10:53:39.447] [DEBUG] default - upd: {"data":"2020-05-06T11:53:13.572Z","clNum":2}
[2020-05-20T10:53:39.538] [DEBUG] default - upd: {"data":"2020-05-06T11:52:31.206Z","clNum":1}
[2020-05-20T10:53:39.917] [DEBUG] default - upd: {"data":"2020-05-06T11:52:31.211Z","clNum":1}
[2020-05-20T10:53:40.012] [DEBUG] default - upd: {"data":"2020-05-06T11:52:31.212Z","clNum":1}
[2020-05-20T10:53:40.153] [DEBUG] default - upd: {"data":"2020-05-06T11:52:31.212Z","clNum":1}
[2020-05-20T10:53:40.270] [DEBUG] default - upd: {"data":"2020-05-06T11:52:31.213Z","clNum":1}
[2020-05-20T10:53:40.730] [DEBUG] default - upd: {"data":"2020-05-20T09:53:18.874Z","clNum":2}
[2020-05-20T10:53:40.819] [DEBUG] default - upd: {"data":"2020-05-20T09:53:24.253Z","clNum":2}
[2020-05-20T10:53:41.075] [DEBUG] default - upd: {"data":"2020-05-20T09:53:31.567Z","clNum":2}
[2020-05-20T10:53:41.339] [DEBUG] default - upd: {"data":"2020-05-20T09:53:35.915Z","clNum":2}
[2020-05-20T10:53:48.378] [DEBUG] default - fetch from 1
[2020-05-20T10:53:48.431] [DEBUG] default - from 1: 5
[2020-05-20T10:53:48.477] [DEBUG] default - upd: {"data":"2020-05-06T11:52:51.565Z","clNum":2}
[2020-05-20T10:53:48.502] [DEBUG] default - upd: {"data":"2020-05-06T11:52:57.064Z","clNum":2}
[2020-05-20T10:53:48.546] [DEBUG] default - upd: {"data":"2020-05-06T11:53:02.565Z","clNum":2}
[2020-05-20T10:53:48.891] [DEBUG] default - fetch from 2
[2020-05-20T10:53:49.202] [DEBUG] default - upd: {"data":"2020-05-06T11:53:08.083Z","clNum":2}
[2020-05-20T10:53:49.317] [DEBUG] default - from 2: 0
[2020-05-20T10:53:50.210] [DEBUG] default - upd: {"data":"2020-05-06T11:53:13.572Z","clNum":2}
[2020-05-20T10:53:58.360] [DEBUG] default - fetch from 1
[2020-05-20T10:53:58.402] [DEBUG] default - from 1: 5
[2020-05-20T10:53:58.478] [DEBUG] default - upd: {"data":"2020-05-06T11:52:51.565Z","clNum":2}
[2020-05-20T10:53:58.503] [DEBUG] default - upd: {"data":"2020-05-06T11:52:57.064Z","clNum":2}
[2020-05-20T10:53:58.658] [DEBUG] default - upd: {"data":"2020-05-06T11:53:02.565Z","clNum":2}
[2020-05-20T10:53:58.846] [DEBUG] default - upd: {"data":"2020-05-06T11:53:08.083Z","clNum":2}
[2020-05-20T10:53:58.967] [DEBUG] default - fetch from 2
[2020-05-20T10:53:59.334] [DEBUG] default - from 2: 2
[2020-05-20T10:53:59.583] [DEBUG] default - upd: {"data":"2020-05-06T11:53:13.572Z","clNum":2}
[2020-05-20T10:53:59.629] [DEBUG] default - upd: {"data":"2020-05-20T09:53:52.370Z","clNum":2}
[2020-05-20T10:53:59.674] [DEBUG] default - upd: {"data":"2020-05-20T09:53:57.912Z","clNum":2}
[2020-05-20T10:54:08.411] [DEBUG] default - fetch from 1
[2020-05-20T10:54:08.454] [DEBUG] default - from 1: 5
[2020-05-20T10:54:08.510] [DEBUG] default - upd: {"data":"2020-05-06T11:52:51.565Z","clNum":2}
[2020-05-20T10:54:08.541] [DEBUG] default - upd: {"data":"2020-05-06T11:52:57.064Z","clNum":2}
[2020-05-20T10:54:08.864] [DEBUG] default - upd: {"data":"2020-05-06T11:53:02.565Z","clNum":2}
[2020-05-20T10:54:09.030] [DEBUG] default - fetch from 2
[2020-05-20T10:54:09.544] [DEBUG] default - from 2: 4
[2020-05-20T10:54:09.885] [DEBUG] default - upd: {"data":"2020-05-06T11:53:08.083Z","clNum":2}
[2020-05-20T10:54:10.067] [DEBUG] default - upd: {"data":"2020-05-20T09:53:52.370Z","clNum":2}
[2020-05-20T10:54:10.094] [DEBUG] default - upd: {"data":"2020-05-06T11:53:13.572Z","clNum":2}
[2020-05-20T10:54:10.163] [DEBUG] default - upd: {"data":"2020-05-20T09:53:57.912Z","clNum":2}
[2020-05-20T10:54:10.239] [DEBUG] default - upd: {"data":"2020-05-20T09:54:03.524Z","clNum":2}
[2020-05-20T10:54:10.359] [DEBUG] default - upd: {"data":"2020-05-20T09:54:09.207Z","clNum":2}
[2020-05-20T10:54:18.518] [DEBUG] default - fetch from 1
[2020-05-20T10:54:18.603] [DEBUG] default - from 1: 5
[2020-05-20T10:54:18.735] [DEBUG] default - upd: {"data":"2020-05-06T11:52:51.565Z","clNum":2}
[2020-05-20T10:54:19.168] [DEBUG] default - upd: {"data":"2020-05-06T11:52:57.064Z","clNum":2}
[2020-05-20T10:54:19.174] [DEBUG] default - fetch from 2
[2020-05-20T10:54:19.811] [DEBUG] default - from 2: 5
[2020-05-20T10:54:20.055] [DEBUG] default - upd: {"data":"2020-05-06T11:53:02.565Z","clNum":2}
[2020-05-20T10:54:21.024] [DEBUG] default - upd: {"data":"2020-05-20T09:53:52.370Z","clNum":2}
[2020-05-20T10:54:21.087] [DEBUG] default - upd: {"data":"2020-05-06T11:53:08.083Z","clNum":2}
[2020-05-20T10:54:21.147] [DEBUG] default - upd: {"data":"2020-05-20T09:53:57.912Z","clNum":2}
[2020-05-20T10:54:21.160] [DEBUG] default - upd: {"data":"2020-05-06T11:53:13.572Z","clNum":2}
[2020-05-20T10:54:21.186] [DEBUG] default - upd: {"data":"2020-05-20T09:54:03.524Z","clNum":2}
[2020-05-20T10:54:21.224] [DEBUG] default - upd: {"data":"2020-05-20T09:54:09.207Z","clNum":2}
[2020-05-20T10:54:21.260] [DEBUG] default - upd: {"data":"2020-05-20T09:54:14.613Z","clNum":2}
[2020-05-20T10:54:24.007] [DEBUG] default - send db
[2020-05-20T10:54:28.548] [DEBUG] default - fetch from 1
[2020-05-20T10:54:29.221] [DEBUG] default - fetch from 2
[2020-05-20T10:54:29.406] [DEBUG] default - from 2: 7
[2020-05-20T10:54:29.461] [DEBUG] default - upd: {"data":"2020-05-20T09:53:52.370Z","clNum":2}
[2020-05-20T10:54:29.487] [DEBUG] default - upd: {"data":"2020-05-20T09:53:57.912Z","clNum":2}
[2020-05-20T10:54:29.628] [DEBUG] default - upd: {"data":"2020-05-20T09:54:03.524Z","clNum":2}
[2020-05-20T10:54:29.730] [DEBUG] default - error 1
[2020-05-20T10:54:29.994] [DEBUG] default - upd: {"data":"2020-05-20T09:54:09.207Z","clNum":2}
[2020-05-20T10:54:30.188] [DEBUG] default - upd: {"data":"2020-05-20T09:54:14.613Z","clNum":2}
[2020-05-20T10:54:30.239] [DEBUG] default - upd: {"data":"2020-05-20T09:54:20.117Z","clNum":2}
[2020-05-20T10:54:30.294] [DEBUG] default - upd: {"data":"2020-05-20T09:54:25.650Z","clNum":2}
[2020-05-20T10:54:38.577] [DEBUG] default - fetch from 1
[2020-05-20T10:54:39.248] [DEBUG] default - fetch from 2
[2020-05-20T10:54:39.597] [DEBUG] default - error 1
[2020-05-20T10:54:40.592] [DEBUG] default - error 2
[2020-05-20T11:45:41.776] [DEBUG] default - fetch from 1
[2020-05-20T11:45:42.267] [DEBUG] default - fetch from 2
[2020-05-20T11:45:42.810] [DEBUG] default - send db
[2020-05-20T11:45:46.129] [DEBUG] default - fetch from 1
[2020-05-20T11:45:46.133] [DEBUG] default - fetch from 2
[2020-05-20T11:45:46.283] [DEBUG] default - from 2: 7
[2020-05-20T11:45:47.181] [DEBUG] default - from 2: 7
[2020-05-20T11:45:48.183] [DEBUG] default - from 1: 10
[2020-05-20T11:45:48.281] [DEBUG] default - from 1: 10
[2020-05-20T11:45:49.042] [DEBUG] default - upd: {"data":"2020-05-20T09:53:52.370Z","clNum":2}
[2020-05-20T11:45:50.130] [DEBUG] default - upd: {"data":"2020-05-20T09:53:52.370Z","clNum":2}
[2020-05-20T11:45:50.310] [DEBUG] default - upd: {"data":"2020-05-20T10:45:42.295Z","clNum":1}
[2020-05-20T11:45:50.361] [DEBUG] default - upd: {"data":"2020-05-20T10:45:42.295Z","clNum":1}
[2020-05-20T11:45:50.414] [DEBUG] default - upd: {"data":"2020-05-20T09:53:57.912Z","clNum":2}
[2020-05-20T11:45:51.776] [DEBUG] default - upd: {"data":"2020-05-20T09:53:57.912Z","clNum":2}
[2020-05-20T11:45:52.203] [DEBUG] default - fetch from 1
[2020-05-20T11:45:52.830] [DEBUG] default - fetch from 2
[2020-05-20T11:45:53.740] [DEBUG] default - upd: {"data":"2020-05-20T10:45:42.311Z","clNum":1}
[2020-05-20T11:45:54.728] [DEBUG] default - upd: {"data":"2020-05-20T10:45:42.311Z","clNum":1}
[2020-05-20T11:45:54.731] [DEBUG] default - from 1: 10
[2020-05-20T11:45:55.062] [DEBUG] default - from 2: 8
[2020-05-20T11:45:57.157] [DEBUG] default - fetch from 1
[2020-05-20T11:45:57.161] [DEBUG] default - fetch from 2
[2020-05-20T11:45:57.896] [DEBUG] default - upd: {"data":"2020-05-20T09:54:03.524Z","clNum":2}
[2020-05-20T11:45:58.300] [DEBUG] default - from 1: 10
[2020-05-20T11:45:58.633] [DEBUG] default - from 2: 9
[2020-05-20T11:46:02.352] [DEBUG] default - fetch from 1
[2020-05-20T11:46:02.892] [DEBUG] default - upd: {"data":"2020-05-20T09:54:03.524Z","clNum":2}
[2020-05-20T11:46:02.908] [DEBUG] default - fetch from 2
[2020-05-20T11:46:03.922] [DEBUG] default - upd: {"data":"2020-05-20T09:53:52.370Z","clNum":2}
[2020-05-20T11:46:03.929] [DEBUG] default - from 1: 10
[2020-05-20T11:46:06.190] [DEBUG] default - from 2: 10
[2020-05-20T11:46:07.157] [DEBUG] default - upd: {"data":"2020-05-20T10:45:42.313Z","clNum":1}
[2020-05-20T11:46:07.263] [DEBUG] default - fetch from 1
[2020-05-20T11:46:07.296] [DEBUG] default - fetch from 2
[2020-05-20T11:46:07.551] [DEBUG] default - upd: {"data":"2020-05-20T10:45:42.313Z","clNum":1}
[2020-05-20T11:46:07.661] [DEBUG] default - from 1: 10
[2020-05-20T11:46:07.732] [DEBUG] default - from 2: 0
[2020-05-20T11:46:08.715] [DEBUG] default - upd: {"data":"2020-05-20T10:45:42.295Z","clNum":1}
[2020-05-20T11:46:08.849] [DEBUG] default - upd: {"data":"2020-05-20T09:54:09.207Z","clNum":2}
[2020-05-20T11:46:08.871] [DEBUG] default - upd: {"data":"2020-05-20T10:45:42.295Z","clNum":1}
[2020-05-20T11:46:08.891] [DEBUG] default - upd: {"data":"2020-05-20T09:53:52.370Z","clNum":2}
[2020-05-20T11:46:13.629] [DEBUG] default - fetch from 1
[2020-05-20T11:46:13.631] [DEBUG] default - fetch from 2
[2020-05-20T11:46:14.274] [DEBUG] default - upd: {"data":"2020-05-20T09:54:09.207Z","clNum":2}
[2020-05-20T11:46:14.795] [DEBUG] default - upd: {"data":"2020-05-20T09:53:57.912Z","clNum":2}
[2020-05-20T11:46:14.798] [DEBUG] default - from 2: 1
[2020-05-20T11:46:15.139] [DEBUG] default - from 1: 10
[2020-05-20T11:46:15.830] [DEBUG] default - upd: {"data":"2020-05-20T09:54:14.613Z","clNum":2}
[2020-05-20T11:46:16.217] [DEBUG] default - upd: {"data":"2020-05-20T10:45:42.311Z","clNum":1}
[2020-05-20T11:46:16.378] [DEBUG] default - upd: {"data":"2020-05-20T10:45:42.311Z","clNum":1}
[2020-05-20T11:46:16.719] [DEBUG] default - upd: {"data":"2020-05-20T10:45:42.316Z","clNum":1}
[2020-05-20T11:46:16.980] [DEBUG] default - upd: {"data":"2020-05-20T10:45:42.316Z","clNum":1}
[2020-05-20T11:46:17.194] [DEBUG] default - upd: {"data":"2020-05-20T10:45:42.295Z","clNum":1}
[2020-05-20T11:46:17.380] [DEBUG] default - fetch from 1
[2020-05-20T11:46:17.532] [DEBUG] default - fetch from 2
[2020-05-20T11:46:17.723] [DEBUG] default - upd: {"data":"2020-05-20T10:45:42.295Z","clNum":1}
[2020-05-20T11:46:18.738] [DEBUG] default - upd: {"data":"2020-05-20T09:53:52.370Z","clNum":2}
[2020-05-20T11:46:18.748] [DEBUG] default - from 2: 1
[2020-05-20T11:46:19.557] [DEBUG] default - from 1: 10
[2020-05-20T11:46:21.420] [DEBUG] default - upd: {"data":"2020-05-20T09:53:57.912Z","clNum":2}
[2020-05-20T11:46:24.014] [DEBUG] default - fetch from 1
[2020-05-20T11:46:24.017] [DEBUG] default - fetch from 2
[2020-05-20T11:46:24.430] [DEBUG] default - upd: {"data":"2020-05-20T09:54:14.613Z","clNum":2}
[2020-05-20T11:46:24.651] [DEBUG] default - from 1: 10
[2020-05-20T11:46:25.230] [DEBUG] default - from 2: 3
[2020-05-20T11:46:29.645] [DEBUG] default - upd: {"data":"2020-05-20T09:54:03.524Z","clNum":2}
[2020-05-20T11:46:30.242] [DEBUG] default - fetch from 1
[2020-05-20T11:46:30.245] [DEBUG] default - fetch from 2
[2020-05-20T11:46:32.596] [DEBUG] default - send db
[2020-05-20T11:46:34.521] [DEBUG] default - upd: {"data":"2020-05-20T10:45:42.313Z","clNum":1}
[2020-05-20T11:46:34.798] [DEBUG] default - fetch from 1
[2020-05-20T11:46:34.814] [DEBUG] default - fetch from 2
[2020-05-20T11:46:36.158] [DEBUG] default - upd: {"data":"2020-05-20T10:45:42.313Z","clNum":1}
[2020-05-20T11:46:36.162] [DEBUG] default - from 1: 10
[2020-05-20T11:46:36.513] [DEBUG] default - from 2: 4
[2020-05-20T11:46:38.280] [DEBUG] default - from 1: 10
[2020-05-20T11:46:39.265] [DEBUG] default - upd: {"data":"2020-05-20T10:45:42.317Z","clNum":1}
[2020-05-20T11:46:39.287] [DEBUG] default - upd: {"data":"2020-05-20T10:45:42.317Z","clNum":1}
[2020-05-20T11:46:39.291] [DEBUG] default - from 2: 5
[2020-05-20T11:46:39.329] [DEBUG] default - send db
[2020-05-20T11:46:39.358] [DEBUG] default - upd: {"data":"2020-05-20T10:45:42.311Z","clNum":1}
[2020-05-20T11:46:39.889] [DEBUG] default - upd: {"data":"2020-05-20T10:45:42.311Z","clNum":1}
[2020-05-20T11:46:40.288] [DEBUG] default - fetch from 1
[2020-05-20T11:46:40.414] [DEBUG] default - fetch from 2
[2020-05-20T11:46:40.963] [DEBUG] default - upd: {"data":"2020-05-20T10:45:42.295Z","clNum":1}
[2020-05-20T11:46:41.845] [DEBUG] default - upd: {"data":"2020-05-20T09:54:20.117Z","clNum":2}
[2020-05-20T11:46:41.858] [DEBUG] default - from 1: 10
[2020-05-20T11:46:42.128] [DEBUG] default - from 2: 5
[2020-05-20T11:46:43.289] [DEBUG] default - upd: {"data":"2020-05-20T10:46:13.277Z","clNum":2}
[2020-05-20T11:46:43.728] [DEBUG] default - upd: {"data":"2020-05-20T09:53:57.912Z","clNum":2}
[2020-05-20T11:46:44.381] [DEBUG] default - upd: {"data":"2020-05-20T10:46:13.277Z","clNum":2}
[2020-05-20T11:46:44.563] [DEBUG] default - upd: {"data":"2020-05-20T10:45:42.295Z","clNum":1}
[2020-05-20T11:46:44.756] [DEBUG] default - fetch from 1
[2020-05-20T11:46:45.408] [DEBUG] default - upd: {"data":"2020-05-20T09:54:03.524Z","clNum":2}
[2020-05-20T11:46:45.410] [DEBUG] default - fetch from 2
[2020-05-20T11:46:45.757] [DEBUG] default - from 1: 10
[2020-05-20T11:46:46.227] [DEBUG] default - from 2: 6
[2020-05-20T11:46:58.808] [DEBUG] default - fetch from 1
[2020-05-20T11:46:58.825] [DEBUG] default - fetch from 2
[2020-05-20T11:46:59.696] [DEBUG] default - fetch from 1
[2020-05-20T11:46:59.746] [DEBUG] default - fetch from 2
[2020-05-20T11:47:01.007] [DEBUG] default - from 1: 8
[2020-05-20T11:47:01.135] [DEBUG] default - from 1: 8
[2020-05-20T11:47:01.240] [DEBUG] default - from 2: 9
[2020-05-20T11:47:01.299] [DEBUG] default - from 2: 9
[2020-05-20T11:47:01.991] [DEBUG] default - upd: {"data":"2020-05-20T09:54:20.117Z","clNum":2}
[2020-05-20T11:47:02.563] [DEBUG] default - upd: {"data":"2020-05-20T10:45:42.295Z","clNum":1}
[2020-05-20T11:47:03.134] [DEBUG] default - upd: {"data":"2020-05-20T10:45:42.316Z","clNum":1}
[2020-05-20T11:47:04.045] [DEBUG] default - upd: {"data":"2020-05-20T10:45:42.316Z","clNum":1}
[2020-05-20T11:47:04.743] [DEBUG] default - upd: {"data":"2020-05-20T10:46:13.277Z","clNum":2}
[2020-05-20T11:47:04.982] [DEBUG] default - upd: {"data":"2020-05-20T10:45:42.324Z","clNum":1}
[2020-05-20T11:47:05.058] [DEBUG] default - upd: {"data":"2020-05-20T10:46:13.277Z","clNum":2}
[2020-05-20T11:47:05.194] [DEBUG] default - upd: {"data":"2020-05-20T10:45:42.313Z","clNum":1}
[2020-05-20T11:47:05.296] [DEBUG] default - upd: {"data":"2020-05-20T10:45:42.313Z","clNum":1}
[2020-05-20T11:47:05.323] [DEBUG] default - upd: {"data":"2020-05-20T09:54:09.207Z","clNum":2}
[2020-05-20T11:47:05.351] [DEBUG] default - upd: {"data":"2020-05-20T09:54:25.650Z","clNum":2}
[2020-05-20T11:47:05.359] [DEBUG] default - upd: {"data":"2020-05-20T10:45:42.295Z","clNum":1}
[2020-05-20T11:47:05.419] [DEBUG] default - upd: {"data":"2020-05-20T10:46:13.277Z","clNum":2}
[2020-05-20T11:47:05.440] [DEBUG] default - upd: {"data":"2020-05-20T10:45:42.295Z","clNum":1}
[2020-05-20T11:47:05.621] [DEBUG] default - upd: {"data":"2020-05-20T10:46:13.277Z","clNum":2}
[2020-05-20T11:47:05.795] [DEBUG] default - upd: {"data":"2020-05-20T10:45:42.311Z","clNum":1}
[2020-05-20T11:47:06.152] [DEBUG] default - upd: {"data":"2020-05-20T10:45:42.295Z","clNum":1}
[2020-05-20T11:47:06.204] [DEBUG] default - upd: {"data":"2020-05-20T10:45:42.324Z","clNum":1}
[2020-05-20T11:47:06.493] [DEBUG] default - upd: {"data":"2020-05-20T09:54:03.524Z","clNum":2}
[2020-05-20T11:47:06.536] [DEBUG] default - upd: {"data":"2020-05-20T10:45:42.311Z","clNum":1}
[2020-05-20T11:47:06.718] [DEBUG] default - upd: {"data":"2020-05-20T09:54:09.207Z","clNum":2}
[2020-05-20T11:47:06.812] [DEBUG] default - upd: {"data":"2020-05-20T10:45:42.295Z","clNum":1}
[2020-05-20T11:47:07.412] [DEBUG] default - upd: {"data":"2020-05-20T10:46:13.277Z","clNum":2}
[2020-05-20T11:47:08.696] [DEBUG] default - fetch from 1
[2020-05-20T11:47:15.592] [DEBUG] default - fetch from 2
[2020-05-20T11:47:16.892] [DEBUG] default - fetch from 1
[2020-05-20T11:47:16.973] [DEBUG] default - fetch from 2
[2020-05-20T11:47:19.356] [DEBUG] default - fetch from 1
[2020-05-20T11:47:19.411] [DEBUG] default - send db
[2020-05-20T11:47:19.435] [DEBUG] default - from 1: 8
[2020-05-20T11:47:20.992] [DEBUG] default - send db
[2020-05-20T11:47:21.004] [DEBUG] default - from 2: 1
[2020-05-20T11:47:21.837] [DEBUG] default - from 2: 1
[2020-05-20T11:47:22.152] [DEBUG] default - from 1: 8
[2020-05-20T11:47:24.224] [DEBUG] default - upd: {"data":"2020-05-06T11:52:51.565Z","clNum":2}
[2020-05-20T11:47:24.234] [DEBUG] default - from 1: 8
[2020-05-20T11:47:25.994] [DEBUG] default - upd: {"data":"2020-05-20T10:45:42.311Z","clNum":1}
[2020-05-20T11:47:26.038] [DEBUG] default - fetch from 2
[2020-05-20T11:47:27.761] [DEBUG] default - fetch from 1
[2020-05-20T11:47:27.773] [DEBUG] default - fetch from 2
[2020-05-20T11:47:28.236] [DEBUG] default - upd: {"data":"2020-05-06T11:52:51.565Z","clNum":2}
[2020-05-20T11:47:28.755] [DEBUG] default - upd: {"data":"2020-05-20T10:45:42.326Z","clNum":1}
[2020-05-20T11:47:29.190] [DEBUG] default - fetch from 1
[2020-05-20T11:47:29.203] [DEBUG] default - from 1: 8
[2020-05-20T11:47:29.394] [DEBUG] default - from 2: 3
[2020-05-20T11:47:29.601] [DEBUG] default - from 2: 3
[2020-05-20T11:47:31.306] [DEBUG] default - upd: {"data":"2020-05-20T10:46:19.328Z","clNum":2}
[2020-05-20T11:47:31.739] [DEBUG] default - upd: {"data":"2020-05-20T10:45:42.316Z","clNum":1}
[2020-05-20T11:47:31.769] [DEBUG] default - from 1: 8
[2020-05-20T11:47:33.175] [DEBUG] default - upd: {"data":"2020-05-20T10:45:42.316Z","clNum":1}
[2020-05-20T11:47:33.527] [DEBUG] default - upd: {"data":"2020-05-20T09:54:25.650Z","clNum":2}
[2020-05-20T11:47:33.936] [DEBUG] default - upd: {"data":"2020-05-20T10:45:42.311Z","clNum":1}
[2020-05-20T11:47:34.704] [DEBUG] default - upd: {"data":"2020-05-20T10:46:19.328Z","clNum":2}
[2020-05-20T11:47:35.405] [DEBUG] default - upd: {"data":"2020-05-20T10:45:42.311Z","clNum":1}
[2020-05-20T11:47:35.905] [DEBUG] default - upd: {"data":"2020-05-20T10:46:19.328Z","clNum":2}
[2020-05-20T11:47:36.224] [DEBUG] default - upd: {"data":"2020-05-20T10:45:42.313Z","clNum":1}
[2020-05-20T11:47:36.225] [DEBUG] default - fetch from 2
[2020-05-20T11:47:37.076] [DEBUG] default - upd: {"data":"2020-05-20T10:45:42.311Z","clNum":1}
[2020-05-20T11:47:37.925] [DEBUG] default - upd: {"data":"2020-05-20T10:46:19.328Z","clNum":2}
[2020-05-20T11:47:38.145] [DEBUG] default - fetch from 1
[2020-05-20T11:47:38.172] [DEBUG] default - fetch from 2
[2020-05-20T11:47:38.463] [DEBUG] default - from 2: 4
[2020-05-20T11:47:39.720] [DEBUG] default - fetch from 1
[2020-05-20T11:47:40.041] [DEBUG] default - upd: {"data":"2020-05-20T10:45:42.317Z","clNum":1}
[2020-05-20T11:47:41.605] [DEBUG] default - upd: {"data":"2020-05-20T10:45:42.317Z","clNum":1}
[2020-05-20T11:47:41.612] [DEBUG] default - from 2: 5
[2020-05-20T11:47:42.710] [DEBUG] default - from 1: 8
[2020-05-20T11:47:43.756] [DEBUG] default - from 1: 8
[2020-05-20T11:47:44.721] [DEBUG] default - upd: {"data":"2020-05-20T10:45:42.326Z","clNum":1}
[2020-05-20T11:47:45.390] [DEBUG] default - upd: {"data":"2020-05-20T09:54:09.207Z","clNum":2}
[2020-05-20T11:47:46.238] [DEBUG] default - upd: {"data":"2020-05-20T10:45:42.313Z","clNum":1}
[2020-05-20T11:47:46.243] [DEBUG] default - fetch from 2
[2020-05-20T11:47:47.394] [DEBUG] default - upd: {"data":"2020-05-20T09:54:14.613Z","clNum":2}
[2020-05-20T11:47:47.894] [DEBUG] default - from 2: 6
[2020-05-20T11:47:49.203] [DEBUG] default - upd: {"data":"2020-05-20T10:46:13.277Z","clNum":2}
[2020-05-20T11:47:49.486] [DEBUG] default - fetch from 1
[2020-05-20T11:47:49.500] [DEBUG] default - fetch from 2
[2020-05-20T11:47:50.857] [DEBUG] default - upd: {"data":"2020-05-20T09:54:14.613Z","clNum":2}
[2020-05-20T11:47:51.194] [DEBUG] default - fetch from 1
[2020-05-20T11:47:51.535] [DEBUG] default - from 1: 8
[2020-05-20T11:47:51.721] [DEBUG] default - from 2: 7
[2020-05-20T11:47:53.238] [DEBUG] default - upd: {"data":"2020-05-20T10:46:13.277Z","clNum":2}
[2020-05-20T11:47:53.640] [DEBUG] default - upd: {"data":"2020-05-20T10:45:42.311Z","clNum":1}
[2020-05-20T11:47:53.654] [DEBUG] default - from 1: 8
[2020-05-20T11:47:54.775] [DEBUG] default - upd: {"data":"2020-05-20T10:46:19.328Z","clNum":2}
[2020-05-20T11:47:56.441] [DEBUG] default - fetch from 2
[2020-05-20T11:48:02.041] [DEBUG] default - fetch from 1
[2020-05-20T11:48:02.053] [DEBUG] default - fetch from 2
[2020-05-20T11:48:02.401] [DEBUG] default - fetch from 1
[2020-05-20T11:48:08.738] [DEBUG] default - fetch from 2
[2020-05-20T11:48:09.122] [DEBUG] default - upd: {"data":"2020-05-20T10:47:15.290Z","clNum":2}
[2020-05-20T11:48:09.124] [DEBUG] default - from 2: 7
[2020-05-20T11:48:09.231] [DEBUG] default - from 2: 7
[2020-05-20T11:48:09.432] [DEBUG] default - from 2: 7
[2020-05-20T11:48:09.537] [DEBUG] default - from 1: 8
[2020-05-20T11:48:09.595] [DEBUG] default - from 1: 8
[2020-05-20T11:48:10.590] [DEBUG] default - upd: {"data":"2020-05-06T11:52:51.565Z","clNum":2}
[2020-05-20T11:48:11.535] [DEBUG] default - upd: {"data":"2020-05-06T11:52:57.064Z","clNum":2}
[2020-05-20T11:48:11.733] [DEBUG] default - upd: {"data":"2020-05-06T11:52:51.565Z","clNum":2}
[2020-05-20T11:48:12.156] [DEBUG] default - fetch from 1
[2020-05-20T11:48:12.177] [DEBUG] default - fetch from 2
[2020-05-20T11:48:12.435] [DEBUG] default - upd: {"data":"2020-05-06T11:52:57.064Z","clNum":2}
[2020-05-20T11:48:12.522] [DEBUG] default - fetch from 1
[2020-05-20T11:48:12.931] [DEBUG] default - upd: {"data":"2020-05-20T10:45:42.327Z","clNum":1}
[2020-05-20T11:48:12.933] [DEBUG] default - from 1: 8
[2020-05-20T11:48:13.321] [DEBUG] default - from 2: 8
[2020-05-20T11:48:13.422] [DEBUG] default - from 1: 8
[2020-05-20T11:48:13.776] [DEBUG] default - upd: {"data":"2020-05-20T10:46:23.681Z","clNum":2}
[2020-05-20T11:48:15.081] [DEBUG] default - upd: {"data":"2020-05-20T10:45:42.317Z","clNum":1}
[2020-05-20T11:48:15.523] [DEBUG] default - upd: {"data":"2020-05-06T11:52:51.565Z","clNum":2}
[2020-05-20T11:48:15.959] [DEBUG] default - upd: {"data":"2020-05-20T10:45:42.317Z","clNum":1}
[2020-05-20T11:48:16.402] [DEBUG] default - upd: {"data":"2020-05-20T10:45:42.313Z","clNum":1}
[2020-05-20T11:48:17.025] [DEBUG] default - upd: {"data":"2020-05-20T10:46:23.681Z","clNum":2}
[2020-05-20T11:48:17.433] [DEBUG] default - upd: {"data":"2020-05-20T10:45:42.313Z","clNum":1}
[2020-05-20T11:48:17.813] [DEBUG] default - upd: {"data":"2020-05-20T10:46:23.681Z","clNum":2}
[2020-05-20T11:48:18.142] [DEBUG] default - upd: {"data":"2020-05-20T10:45:42.316Z","clNum":1}
[2020-05-20T11:48:18.766] [DEBUG] default - upd: {"data":"2020-05-20T10:45:42.313Z","clNum":1}
[2020-05-20T11:48:18.772] [DEBUG] default - fetch from 2
[2020-05-20T11:48:19.705] [DEBUG] default - upd: {"data":"2020-05-20T10:46:23.681Z","clNum":2}
[2020-05-20T11:48:20.866] [DEBUG] default - upd: {"data":"2020-05-20T10:47:15.290Z","clNum":2}
[2020-05-20T11:48:20.876] [DEBUG] default - from 2: 9
[2020-05-20T11:48:24.094] [DEBUG] default - fetch from 1
[2020-05-20T11:48:24.104] [DEBUG] default - fetch from 2
[2020-05-20T11:48:25.176] [DEBUG] default - fetch from 1
[2020-05-20T11:48:27.077] [DEBUG] default - upd: {"data":"2020-05-20T10:45:42.324Z","clNum":1}
[2020-05-20T11:48:28.646] [DEBUG] default - upd: {"data":"2020-05-06T11:52:51.565Z","clNum":2}
[2020-05-20T11:48:28.652] [DEBUG] default - from 1: 8
[2020-05-20T11:48:29.053] [DEBUG] default - from 1: 8
[2020-05-20T11:48:29.698] [DEBUG] default - from 2: 10
[2020-05-20T11:48:32.026] [DEBUG] default - fetch from 2
[2020-05-20T11:48:32.952] [DEBUG] default - upd: {"data":"2020-05-20T10:47:15.290Z","clNum":2}
[2020-05-20T11:48:33.834] [DEBUG] default - upd: {"data":"2020-05-06T11:52:51.565Z","clNum":2}
[2020-05-20T11:48:34.117] [DEBUG] default - fetch from 1
[2020-05-20T11:48:34.137] [DEBUG] default - from 2: 0
[2020-05-20T11:48:34.883] [DEBUG] default - fetch from 2
[2020-05-20T11:48:35.515] [DEBUG] default - fetch from 1
[2020-05-20T11:48:35.941] [DEBUG] default - upd: {"data":"2020-05-06T11:52:51.565Z","clNum":2}
[2020-05-20T11:48:36.417] [DEBUG] default - upd: {"data":"2020-05-20T10:45:42.327Z","clNum":1}
[2020-05-20T11:48:36.421] [DEBUG] default - from 1: 8
[2020-05-20T11:48:36.708] [DEBUG] default - from 2: 1
[2020-05-20T11:48:37.528] [DEBUG] default - from 1: 8
[2020-05-20T11:48:37.918] [DEBUG] default - upd: {"data":"2020-05-20T09:54:14.613Z","clNum":2}
[2020-05-20T11:48:38.147] [DEBUG] default - upd: {"data":"2020-05-20T10:45:42.316Z","clNum":1}
[2020-05-20T11:48:38.596] [DEBUG] default - upd: {"data":"2020-05-20T09:54:20.117Z","clNum":2}
[2020-05-20T11:48:39.003] [DEBUG] default - upd: {"data":"2020-05-20T10:47:15.290Z","clNum":2}
[2020-05-20T11:48:39.302] [DEBUG] default - upd: {"data":"2020-05-20T10:46:19.328Z","clNum":2}
[2020-05-20T11:48:39.622] [DEBUG] default - upd: {"data":"2020-05-20T09:54:20.117Z","clNum":2}
[2020-05-20T11:48:40.218] [DEBUG] default - upd: {"data":"2020-05-06T11:52:51.565Z","clNum":2}
[2020-05-20T11:48:40.485] [DEBUG] default - upd: {"data":"2020-05-20T10:47:15.290Z","clNum":2}
[2020-05-20T11:48:40.821] [DEBUG] default - upd: {"data":"2020-05-20T10:46:19.328Z","clNum":2}
[2020-05-20T11:48:41.477] [DEBUG] default - upd: {"data":"2020-05-20T10:45:42.313Z","clNum":1}
[2020-05-20T11:48:42.013] [DEBUG] default - upd: {"data":"2020-05-06T11:52:51.565Z","clNum":2}
[2020-05-20T11:48:42.323] [DEBUG] default - upd: {"data":"2020-05-06T11:52:51.565Z","clNum":2}
[2020-05-20T11:48:42.325] [DEBUG] default - fetch from 2
[2020-05-20T11:48:42.682] [DEBUG] default - upd: {"data":"2020-05-20T10:45:42.313Z","clNum":1}
[2020-05-20T11:48:43.278] [DEBUG] default - upd: {"data":"2020-05-20T10:47:15.290Z","clNum":2}
[2020-05-20T11:48:43.281] [DEBUG] default - from 2: 2
[2020-05-20T11:48:43.755] [DEBUG] default - upd: {"data":"2020-05-20T10:45:42.324Z","clNum":1}
[2020-05-20T11:48:44.058] [DEBUG] default - upd: {"data":"2020-05-20T10:47:15.290Z","clNum":2}
[2020-05-20T11:48:44.155] [DEBUG] default - fetch from 1
[2020-05-20T11:48:44.799] [DEBUG] default - upd: {"data":"2020-05-20T10:47:15.290Z","clNum":2}
[2020-05-20T11:48:45.286] [DEBUG] default - upd: {"data":"2020-05-20T10:46:23.681Z","clNum":2}
[2020-05-20T11:48:45.293] [DEBUG] default - fetch from 2
[2020-05-20T11:48:45.644] [DEBUG] default - fetch from 1
[2020-05-20T11:48:45.649] [DEBUG] default - from 1: 8
[2020-05-20T11:49:04.865] [DEBUG] default - fetch from 2
[2020-05-20T11:49:05.647] [DEBUG] default - fetch from 1
[2020-05-20T11:49:05.653] [DEBUG] default - fetch from 2
[2020-05-20T11:49:06.123] [DEBUG] default - fetch from 1
[2020-05-20T11:49:06.131] [DEBUG] default - from 2: 3
[2020-05-20T11:49:06.258] [DEBUG] default - from 1: 8
[2020-05-20T11:49:07.260] [DEBUG] default - upd: {"data":"2020-05-06T11:52:31.206Z","clNum":1}
[2020-05-20T11:49:07.300] [DEBUG] default - from 2: 6
[2020-05-20T11:49:07.338] [DEBUG] default - from 2: 6
[2020-05-20T11:49:07.431] [DEBUG] default - from 1: 8
[2020-05-20T11:49:07.512] [DEBUG] default - from 1: 8
[2020-05-20T11:49:08.797] [DEBUG] default - upd: {"data":"2020-05-06T11:52:51.565Z","clNum":2}
[2020-05-20T11:49:09.056] [DEBUG] default - upd: {"data":"2020-05-06T11:52:57.064Z","clNum":2}
[2020-05-20T11:49:09.421] [DEBUG] default - upd: {"data":"2020-05-06T11:53:02.565Z","clNum":2}
[2020-05-20T11:49:09.867] [DEBUG] default - upd: {"data":"2020-05-06T11:52:57.064Z","clNum":2}
[2020-05-20T11:49:10.858] [DEBUG] default - upd: {"data":"2020-05-06T11:53:02.565Z","clNum":2}
[2020-05-20T11:49:11.551] [DEBUG] default - upd: {"data":"2020-05-20T10:45:42.329Z","clNum":1}
[2020-05-20T11:49:12.296] [DEBUG] default - upd: {"data":"2020-05-06T11:52:51.565Z","clNum":2}
[2020-05-20T11:49:12.763] [DEBUG] default - upd: {"data":"2020-05-06T11:52:31.206Z","clNum":1}
[2020-05-20T11:49:12.879] [DEBUG] default - upd: {"data":"2020-05-06T11:52:51.565Z","clNum":2}
[2020-05-20T11:49:12.900] [DEBUG] default - upd: {"data":"2020-05-20T10:46:30.243Z","clNum":2}
[2020-05-20T11:49:12.919] [DEBUG] default - upd: {"data":"2020-05-20T10:45:42.324Z","clNum":1}
[2020-05-20T11:49:12.936] [DEBUG] default - upd: {"data":"2020-05-20T10:45:42.324Z","clNum":1}
[2020-05-20T11:49:12.958] [DEBUG] default - upd: {"data":"2020-05-20T10:45:42.316Z","clNum":1}
[2020-05-20T11:49:13.074] [DEBUG] default - upd: {"data":"2020-05-20T10:45:42.317Z","clNum":1}
[2020-05-20T11:49:13.142] [DEBUG] default - upd: {"data":"2020-05-20T10:45:42.316Z","clNum":1}
[2020-05-20T11:49:13.215] [DEBUG] default - upd: {"data":"2020-05-20T10:46:30.243Z","clNum":2}
[2020-05-20T11:49:13.242] [DEBUG] default - upd: {"data":"2020-05-20T10:47:21.641Z","clNum":2}
[2020-05-20T11:49:13.335] [DEBUG] default - upd: {"data":"2020-05-06T11:52:31.206Z","clNum":1}
[2020-05-20T11:49:13.834] [DEBUG] default - upd: {"data":"2020-05-20T10:45:42.326Z","clNum":1}
[2020-05-20T11:49:13.933] [DEBUG] default - upd: {"data":"2020-05-06T11:52:57.064Z","clNum":2}
[2020-05-20T11:49:13.964] [DEBUG] default - upd: {"data":"2020-05-06T11:52:31.206Z","clNum":1}
[2020-05-20T11:49:13.997] [DEBUG] default - upd: {"data":"2020-05-06T11:52:51.565Z","clNum":2}
[2020-05-20T11:49:14.023] [DEBUG] default - upd: {"data":"2020-05-06T11:52:31.206Z","clNum":1}
[2020-05-20T11:49:14.055] [DEBUG] default - upd: {"data":"2020-05-20T10:47:21.641Z","clNum":2}
[2020-05-20T11:49:14.084] [DEBUG] default - upd: {"data":"2020-05-06T11:52:57.064Z","clNum":2}
[2020-05-20T11:49:14.103] [DEBUG] default - upd: {"data":"2020-05-06T11:52:57.064Z","clNum":2}
[2020-05-20T11:49:14.136] [DEBUG] default - upd: {"data":"2020-05-20T10:45:42.329Z","clNum":1}
[2020-05-20T11:49:14.167] [DEBUG] default - upd: {"data":"2020-05-06T11:52:51.565Z","clNum":2}
[2020-05-20T11:49:14.188] [DEBUG] default - upd: {"data":"2020-05-20T10:48:34.602Z","clNum":2}
[2020-05-20T11:49:14.199] [DEBUG] default - upd: {"data":"2020-05-06T11:52:51.565Z","clNum":2}
[2020-05-20T11:49:14.219] [DEBUG] default - upd: {"data":"2020-05-20T09:54:20.117Z","clNum":2}
[2020-05-20T11:49:14.255] [DEBUG] default - upd: {"data":"2020-05-20T10:45:42.317Z","clNum":1}
[2020-05-20T11:49:14.282] [DEBUG] default - upd: {"data":"2020-05-20T09:54:25.650Z","clNum":2}
[2020-05-20T11:49:14.307] [DEBUG] default - upd: {"data":"2020-05-20T10:47:21.641Z","clNum":2}
[2020-05-20T11:49:14.334] [DEBUG] default - upd: {"data":"2020-05-20T10:46:23.681Z","clNum":2}
[2020-05-20T11:49:14.405] [DEBUG] default - upd: {"data":"2020-05-20T09:54:25.650Z","clNum":2}
[2020-05-20T11:49:14.426] [DEBUG] default - upd: {"data":"2020-05-06T11:52:57.064Z","clNum":2}
[2020-05-20T11:49:14.464] [DEBUG] default - upd: {"data":"2020-05-20T10:47:21.641Z","clNum":2}
[2020-05-20T11:49:14.486] [DEBUG] default - upd: {"data":"2020-05-20T10:46:23.681Z","clNum":2}
[2020-05-20T11:49:14.516] [DEBUG] default - upd: {"data":"2020-05-20T10:45:42.316Z","clNum":1}
[2020-05-20T11:49:14.538] [DEBUG] default - upd: {"data":"2020-05-06T11:52:57.064Z","clNum":2}
[2020-05-20T11:49:14.567] [DEBUG] default - upd: {"data":"2020-05-06T11:52:57.064Z","clNum":2}
[2020-05-20T11:49:14.618] [DEBUG] default - upd: {"data":"2020-05-20T10:45:42.316Z","clNum":1}
[2020-05-20T11:49:14.695] [DEBUG] default - upd: {"data":"2020-05-20T10:48:34.602Z","clNum":2}
[2020-05-20T11:49:14.791] [DEBUG] default - upd: {"data":"2020-05-20T10:45:42.326Z","clNum":1}
[2020-05-20T11:49:15.213] [DEBUG] default - upd: {"data":"2020-05-20T10:47:21.641Z","clNum":2}
[2020-05-20T11:49:15.214] [DEBUG] default - fetch from 2
[2020-05-20T11:49:15.475] [DEBUG] default - fetch from 1
[2020-05-20T11:49:15.555] [DEBUG] default - upd: {"data":"2020-05-20T10:46:30.243Z","clNum":2}
[2020-05-20T11:49:15.635] [DEBUG] default - upd: {"data":"2020-05-06T11:52:57.064Z","clNum":2}
[2020-05-20T11:49:15.637] [DEBUG] default - from 1: 8
[2020-05-20T11:49:15.651] [DEBUG] default - from 2: 8
[2020-05-20T11:49:15.769] [DEBUG] default - fetch from 2
[2020-05-20T11:49:15.814] [DEBUG] default - upd: {"data":"2020-05-20T10:45:42.316Z","clNum":1}
[2020-05-20T11:49:15.831] [DEBUG] default - upd: {"data":"2020-05-06T11:52:51.565Z","clNum":2}
[2020-05-20T11:49:15.835] [DEBUG] default - from 2: 8
[2020-05-20T11:49:15.881] [DEBUG] default - upd: {"data":"2020-05-06T11:52:31.206Z","clNum":1}
[2020-05-20T11:49:15.915] [DEBUG] default - upd: {"data":"2020-05-06T11:52:51.565Z","clNum":2}
[2020-05-20T11:49:16.051] [DEBUG] default - fetch from 1
[2020-05-20T11:49:16.091] [DEBUG] default - upd: {"data":"2020-05-20T10:47:21.641Z","clNum":2}
[2020-05-20T11:49:16.106] [DEBUG] default - upd: {"data":"2020-05-20T10:46:30.243Z","clNum":2}
[2020-05-20T11:49:16.108] [DEBUG] default - from 1: 8
[2020-05-20T11:49:16.413] [DEBUG] default - upd: {"data":"2020-05-06T11:52:51.565Z","clNum":2}
[2020-05-20T11:49:26.006] [DEBUG] default - fetch from 2
[2020-05-20T11:49:26.664] [DEBUG] default - fetch from 1
[2020-05-20T11:49:26.669] [DEBUG] default - fetch from 2
[2020-05-20T11:49:26.884] [DEBUG] default - fetch from 1
[2020-05-20T11:49:27.117] [DEBUG] default - upd: {"data":"2020-05-20T10:48:34.602Z","clNum":2}
[2020-05-20T11:49:27.383] [DEBUG] default - upd: {"data":"2020-05-06T11:52:51.565Z","clNum":2}
[2020-05-20T11:49:27.386] [DEBUG] default - from 2: 10
[2020-05-20T11:49:27.466] [DEBUG] default - from 2: 10
[2020-05-20T11:49:27.487] [DEBUG] default - from 1: 8
[2020-05-20T11:49:27.504] [DEBUG] default - from 1: 8
[2020-05-20T11:49:28.784] [DEBUG] default - upd: {"data":"2020-05-06T11:52:31.211Z","clNum":1}
[2020-05-20T11:49:28.948] [DEBUG] default - upd: {"data":"2020-05-06T11:52:51.565Z","clNum":2}
[2020-05-20T11:49:29.057] [DEBUG] default - upd: {"data":"2020-05-06T11:52:57.064Z","clNum":2}
[2020-05-20T11:49:29.475] [DEBUG] default - upd: {"data":"2020-05-06T11:53:02.565Z","clNum":2}
[2020-05-20T11:49:29.869] [DEBUG] default - upd: {"data":"2020-05-06T11:53:08.083Z","clNum":2}
[2020-05-20T11:49:30.193] [DEBUG] default - upd: {"data":"2020-05-06T11:53:02.565Z","clNum":2}
[2020-05-20T11:49:30.507] [DEBUG] default - upd: {"data":"2020-05-06T11:53:08.083Z","clNum":2}
[2020-05-20T11:49:30.781] [DEBUG] default - upd: {"data":"2020-05-20T10:45:42.330Z","clNum":1}
[2020-05-20T11:49:30.934] [DEBUG] default - upd: {"data":"2020-05-06T11:52:57.064Z","clNum":2}
[2020-05-20T11:49:31.133] [DEBUG] default - upd: {"data":"2020-05-06T11:52:31.211Z","clNum":1}
[2020-05-20T11:49:31.271] [DEBUG] default - upd: {"data":"2020-05-06T11:52:57.064Z","clNum":2}
[2020-05-20T11:49:31.322] [DEBUG] default - upd: {"data":"2020-05-20T10:46:35.706Z","clNum":2}
[2020-05-20T11:49:31.356] [DEBUG] default - upd: {"data":"2020-05-20T10:45:42.326Z","clNum":1}
[2020-05-20T11:49:31.389] [DEBUG] default - upd: {"data":"2020-05-20T10:45:42.326Z","clNum":1}
[2020-05-20T11:49:31.538] [DEBUG] default - upd: {"data":"2020-05-20T10:48:34.602Z","clNum":2}
[2020-05-20T11:49:31.603] [DEBUG] default - upd: {"data":"2020-05-06T11:52:31.211Z","clNum":1}
[2020-05-20T11:49:31.615] [DEBUG] default - upd: {"data":"2020-05-20T10:45:42.327Z","clNum":1}
[2020-05-20T11:49:31.623] [DEBUG] default - upd: {"data":"2020-05-06T11:53:02.565Z","clNum":2}
[2020-05-20T11:49:31.636] [DEBUG] default - upd: {"data":"2020-05-06T11:52:31.211Z","clNum":1}
[2020-05-20T11:49:31.652] [DEBUG] default - upd: {"data":"2020-05-06T11:52:57.064Z","clNum":2}
